Cloning the remote Git repository
Cloning with configured refspecs honoured and without tags
Cloning repository https://github.com/adildsw/blueocean-plugin.git
 > git init /home/adildsw/jenkins-plugins/demoplugin/work/jobs/blueocean-plugin/branches/upgrade-auto-favorite-1-3.hnpudp/workspace # timeout=10
Fetching upstream changes from https://github.com/adildsw/blueocean-plugin.git
 > git --version # timeout=10
using GIT_ASKPASS to set credentials GitHub Access Token
 > git fetch --no-tags --progress https://github.com/adildsw/blueocean-plugin.git +refs/heads/upgrade-auto-favorite-1.3:refs/remotes/origin/upgrade-auto-favorite-1.3
 > git config remote.origin.url https://github.com/adildsw/blueocean-plugin.git # timeout=10
 > git config --add remote.origin.fetch +refs/heads/upgrade-auto-favorite-1.3:refs/remotes/origin/upgrade-auto-favorite-1.3 # timeout=10
 > git config remote.origin.url https://github.com/adildsw/blueocean-plugin.git # timeout=10
Cleaning workspace
 > git rev-parse --verify HEAD # timeout=10
No valid HEAD. Skipping the resetting
 > git clean -fdx # timeout=10
Fetching without tags
Fetching upstream changes from https://github.com/adildsw/blueocean-plugin.git
using GIT_ASKPASS to set credentials GitHub Access Token
 > git fetch --no-tags --progress https://github.com/adildsw/blueocean-plugin.git +refs/heads/upgrade-auto-favorite-1.3:refs/remotes/origin/upgrade-auto-favorite-1.3
Checking out Revision 37f41305017ecd6eba9a2abf972f9d1a2fb67781 (upgrade-auto-favorite-1.3)
 > git config core.sparsecheckout # timeout=10
 > git checkout -f 37f41305017ecd6eba9a2abf972f9d1a2fb67781
 > git branch -a -v --no-abbrev # timeout=10
 > git checkout -b upgrade-auto-favorite-1.3 37f41305017ecd6eba9a2abf972f9d1a2fb67781
Commit message: "Bump auto-favorite plugin to 1.1.0"
First time build. Skipping changelog.
Cleaning workspace
 > git rev-parse --verify HEAD # timeout=10
Resetting working tree
 > git reset --hard # timeout=10
 > git clean -fdx # timeout=10
