Cloning the remote Git repository
Cloning with configured refspecs honoured and without tags
Cloning repository https://github.com/adildsw/blueocean-plugin.git
 > git init /home/adildsw/jenkins-plugins/demoplugin/work/jobs/blueocean-plugin/branches/JENKINS-46706-default-ui.j90c8d/workspace # timeout=10
Fetching upstream changes from https://github.com/adildsw/blueocean-plugin.git
 > git --version # timeout=10
using GIT_ASKPASS to set credentials GitHub Access Token
 > git fetch --no-tags --progress https://github.com/adildsw/blueocean-plugin.git +refs/heads/JENKINS-46706_default_ui:refs/remotes/origin/JENKINS-46706_default_ui
 > git config remote.origin.url https://github.com/adildsw/blueocean-plugin.git # timeout=10
 > git config --add remote.origin.fetch +refs/heads/JENKINS-46706_default_ui:refs/remotes/origin/JENKINS-46706_default_ui # timeout=10
 > git config remote.origin.url https://github.com/adildsw/blueocean-plugin.git # timeout=10
Cleaning workspace
 > git rev-parse --verify HEAD # timeout=10
No valid HEAD. Skipping the resetting
 > git clean -fdx # timeout=10
Fetching without tags
Fetching upstream changes from https://github.com/adildsw/blueocean-plugin.git
using GIT_ASKPASS to set credentials GitHub Access Token
 > git fetch --no-tags --progress https://github.com/adildsw/blueocean-plugin.git +refs/heads/JENKINS-46706_default_ui:refs/remotes/origin/JENKINS-46706_default_ui
Checking out Revision 5e217d267bb42444acdb443f2a14051324b19670 (JENKINS-46706_default_ui)
 > git config core.sparsecheckout # timeout=10
 > git checkout -f 5e217d267bb42444acdb443f2a14051324b19670
 > git branch -a -v --no-abbrev # timeout=10
 > git checkout -b JENKINS-46706_default_ui 5e217d267bb42444acdb443f2a14051324b19670
Commit message: "Fix instanceof check"
First time build. Skipping changelog.
Cleaning workspace
 > git rev-parse --verify HEAD # timeout=10
Resetting working tree
 > git reset --hard # timeout=10
 > git clean -fdx # timeout=10
