Cloning the remote Git repository
Cloning with configured refspecs honoured and without tags
Cloning repository https://github.com/adildsw/whimsy.git
 > git init /home/adildsw/jenkins-plugins/demoplugin/work/jobs/whimsy/branches/master/workspace # timeout=10
Fetching upstream changes from https://github.com/adildsw/whimsy.git
 > git --version # timeout=10
using GIT_ASKPASS to set credentials GitHub Access Token
 > git fetch --no-tags --progress https://github.com/adildsw/whimsy.git +refs/heads/master:refs/remotes/origin/master
 > git config remote.origin.url https://github.com/adildsw/whimsy.git # timeout=10
 > git config --add remote.origin.fetch +refs/heads/master:refs/remotes/origin/master # timeout=10
 > git config remote.origin.url https://github.com/adildsw/whimsy.git # timeout=10
Cleaning workspace
 > git rev-parse --verify HEAD # timeout=10
No valid HEAD. Skipping the resetting
 > git clean -fdx # timeout=10
Fetching without tags
Fetching upstream changes from https://github.com/adildsw/whimsy.git
using GIT_ASKPASS to set credentials GitHub Access Token
 > git fetch --no-tags --progress https://github.com/adildsw/whimsy.git +refs/heads/master:refs/remotes/origin/master
Checking out Revision e41c447b8c88b3f5ccecb5fa64455680434239a4 (master)
 > git config core.sparsecheckout # timeout=10
 > git checkout -f e41c447b8c88b3f5ccecb5fa64455680434239a4
 > git branch -a -v --no-abbrev # timeout=10
 > git checkout -b master e41c447b8c88b3f5ccecb5fa64455680434239a4
Commit message: "Updated Jenkinsfile"
First time build. Skipping changelog.
Cleaning workspace
 > git rev-parse --verify HEAD # timeout=10
Resetting working tree
 > git reset --hard # timeout=10
 > git clean -fdx # timeout=10
