Cloning the remote Git repository
Cloning with configured refspecs honoured and without tags
Cloning repository https://github.com/adildsw/blueocean-plugin.git
 > git init /home/adildsw/jenkins-plugins/demoplugin/work/jobs/blueocean-plugin/branches/topic-job-stats-analytics.ksp97b/workspace # timeout=10
Fetching upstream changes from https://github.com/adildsw/blueocean-plugin.git
 > git --version # timeout=10
using GIT_ASKPASS to set credentials GitHub Access Token
 > git fetch --no-tags --progress https://github.com/adildsw/blueocean-plugin.git +refs/heads/topic/job-stats-analytics:refs/remotes/origin/topic/job-stats-analytics
 > git config remote.origin.url https://github.com/adildsw/blueocean-plugin.git # timeout=10
 > git config --add remote.origin.fetch +refs/heads/topic/job-stats-analytics:refs/remotes/origin/topic/job-stats-analytics # timeout=10
 > git config remote.origin.url https://github.com/adildsw/blueocean-plugin.git # timeout=10
Cleaning workspace
 > git rev-parse --verify HEAD # timeout=10
No valid HEAD. Skipping the resetting
 > git clean -fdx # timeout=10
Fetching without tags
Fetching upstream changes from https://github.com/adildsw/blueocean-plugin.git
using GIT_ASKPASS to set credentials GitHub Access Token
 > git fetch --no-tags --progress https://github.com/adildsw/blueocean-plugin.git +refs/heads/topic/job-stats-analytics:refs/remotes/origin/topic/job-stats-analytics
Checking out Revision f4013e58a8ce2d064babf42d267fc3ab8ac8b6c0 (topic/job-stats-analytics)
 > git config core.sparsecheckout # timeout=10
 > git checkout -f f4013e58a8ce2d064babf42d267fc3ab8ac8b6c0
 > git branch -a -v --no-abbrev # timeout=10
 > git checkout -b topic/job-stats-analytics f4013e58a8ce2d064babf42d267fc3ab8ac8b6c0
Commit message: "Fix test"
First time build. Skipping changelog.
Cleaning workspace
 > git rev-parse --verify HEAD # timeout=10
Resetting working tree
 > git reset --hard # timeout=10
 > git clean -fdx # timeout=10
