Cloning the remote Git repository
Cloning with configured refspecs honoured and without tags
Cloning repository https://github.com/adildsw/blueocean-plugin.git
 > git init /home/adildsw/jenkins-plugins/demoplugin/work/jobs/blueocean-plugin/branches/mic-complex-graphs/workspace # timeout=10
Fetching upstream changes from https://github.com/adildsw/blueocean-plugin.git
 > git --version # timeout=10
using GIT_ASKPASS to set credentials GitHub Access Token
 > git fetch --no-tags --progress https://github.com/adildsw/blueocean-plugin.git +refs/heads/mic-complex-graphs:refs/remotes/origin/mic-complex-graphs
 > git config remote.origin.url https://github.com/adildsw/blueocean-plugin.git # timeout=10
 > git config --add remote.origin.fetch +refs/heads/mic-complex-graphs:refs/remotes/origin/mic-complex-graphs # timeout=10
 > git config remote.origin.url https://github.com/adildsw/blueocean-plugin.git # timeout=10
Cleaning workspace
 > git rev-parse --verify HEAD # timeout=10
No valid HEAD. Skipping the resetting
 > git clean -fdx # timeout=10
Fetching without tags
Fetching upstream changes from https://github.com/adildsw/blueocean-plugin.git
using GIT_ASKPASS to set credentials GitHub Access Token
 > git fetch --no-tags --progress https://github.com/adildsw/blueocean-plugin.git +refs/heads/mic-complex-graphs:refs/remotes/origin/mic-complex-graphs
Checking out Revision 6dbf35e5ffd09c0913ee929062f465de6afca601 (mic-complex-graphs)
 > git config core.sparsecheckout # timeout=10
 > git checkout -f 6dbf35e5ffd09c0913ee929062f465de6afca601
 > git branch -a -v --no-abbrev # timeout=10
 > git checkout -b mic-complex-graphs 6dbf35e5ffd09c0913ee929062f465de6afca601
Commit message: "Merge branch 'master' into hackweek/complex-graphs"
First time build. Skipping changelog.
Cleaning workspace
 > git rev-parse --verify HEAD # timeout=10
Resetting working tree
 > git reset --hard # timeout=10
 > git clean -fdx # timeout=10
