Cloning the remote Git repository
Cloning with configured refspecs honoured and without tags
Cloning repository https://github.com/adildsw/blueocean-plugin.git
 > git init /home/adildsw/jenkins-plugins/demoplugin/work/jobs/blueocean-plugin/branches/JENKINS-51956-1-6-port.pumb9c/workspace # timeout=10
Fetching upstream changes from https://github.com/adildsw/blueocean-plugin.git
 > git --version # timeout=10
using GIT_ASKPASS to set credentials GitHub Access Token
 > git fetch --no-tags --progress https://github.com/adildsw/blueocean-plugin.git +refs/heads/JENKINS-51956_1.6-port:refs/remotes/origin/JENKINS-51956_1.6-port
 > git config remote.origin.url https://github.com/adildsw/blueocean-plugin.git # timeout=10
 > git config --add remote.origin.fetch +refs/heads/JENKINS-51956_1.6-port:refs/remotes/origin/JENKINS-51956_1.6-port # timeout=10
 > git config remote.origin.url https://github.com/adildsw/blueocean-plugin.git # timeout=10
Cleaning workspace
 > git rev-parse --verify HEAD # timeout=10
No valid HEAD. Skipping the resetting
 > git clean -fdx # timeout=10
Fetching without tags
Fetching upstream changes from https://github.com/adildsw/blueocean-plugin.git
using GIT_ASKPASS to set credentials GitHub Access Token
 > git fetch --no-tags --progress https://github.com/adildsw/blueocean-plugin.git +refs/heads/JENKINS-51956_1.6-port:refs/remotes/origin/JENKINS-51956_1.6-port
Checking out Revision 3d2cb94585d8a7a827f71d2702fbebed62345a9f (JENKINS-51956_1.6-port)
 > git config core.sparsecheckout # timeout=10
 > git checkout -f 3d2cb94585d8a7a827f71d2702fbebed62345a9f
 > git branch -a -v --no-abbrev # timeout=10
 > git checkout -b JENKINS-51956_1.6-port 3d2cb94585d8a7a827f71d2702fbebed62345a9f
Commit message: "[JENKINS-51956] upgrade to plugins parent 3.15 (#1753)"
First time build. Skipping changelog.
Cleaning workspace
 > git rev-parse --verify HEAD # timeout=10
Resetting working tree
 > git reset --hard # timeout=10
 > git clean -fdx # timeout=10
