Cloning the remote Git repository
Cloning with configured refspecs honoured and without tags
Cloning repository https://github.com/adildsw/blueocean-plugin.git
 > git init /home/adildsw/jenkins-plugins/demoplugin/work/jobs/blueocean-plugin/branches/release-1-1.h4ktv7/workspace # timeout=10
Fetching upstream changes from https://github.com/adildsw/blueocean-plugin.git
 > git --version # timeout=10
using GIT_ASKPASS to set credentials GitHub Access Token
 > git fetch --no-tags --progress https://github.com/adildsw/blueocean-plugin.git +refs/heads/release/1.1:refs/remotes/origin/release/1.1
 > git config remote.origin.url https://github.com/adildsw/blueocean-plugin.git # timeout=10
 > git config --add remote.origin.fetch +refs/heads/release/1.1:refs/remotes/origin/release/1.1 # timeout=10
 > git config remote.origin.url https://github.com/adildsw/blueocean-plugin.git # timeout=10
Cleaning workspace
 > git rev-parse --verify HEAD # timeout=10
No valid HEAD. Skipping the resetting
 > git clean -fdx # timeout=10
Fetching without tags
Fetching upstream changes from https://github.com/adildsw/blueocean-plugin.git
using GIT_ASKPASS to set credentials GitHub Access Token
 > git fetch --no-tags --progress https://github.com/adildsw/blueocean-plugin.git +refs/heads/release/1.1:refs/remotes/origin/release/1.1
Checking out Revision 8fa59e6d591a411662e3203f41c8c1e04ebfdd9b (release/1.1)
 > git config core.sparsecheckout # timeout=10
 > git checkout -f 8fa59e6d591a411662e3203f41c8c1e04ebfdd9b
 > git branch -a -v --no-abbrev # timeout=10
 > git checkout -b release/1.1 8fa59e6d591a411662e3203f41c8c1e04ebfdd9b
Commit message: "JENKINS-47042# HTTP proxy support for github access release/1.1 (#1417)"
First time build. Skipping changelog.
Cleaning workspace
 > git rev-parse --verify HEAD # timeout=10
Resetting working tree
 > git reset --hard # timeout=10
 > git clean -fdx # timeout=10
