Cloning the remote Git repository
Cloning with configured refspecs honoured and without tags
Cloning repository https://github.com/adildsw/blueocean-plugin.git
 > git init /home/adildsw/jenkins-plugins/demoplugin/work/jobs/blueocean-plugin/branches/hotfix-JENKINS-48392.987uie/workspace # timeout=10
Fetching upstream changes from https://github.com/adildsw/blueocean-plugin.git
 > git --version # timeout=10
using GIT_ASKPASS to set credentials GitHub Access Token
 > git fetch --no-tags --progress https://github.com/adildsw/blueocean-plugin.git +refs/heads/hotfix/JENKINS-48392:refs/remotes/origin/hotfix/JENKINS-48392
 > git config remote.origin.url https://github.com/adildsw/blueocean-plugin.git # timeout=10
 > git config --add remote.origin.fetch +refs/heads/hotfix/JENKINS-48392:refs/remotes/origin/hotfix/JENKINS-48392 # timeout=10
 > git config remote.origin.url https://github.com/adildsw/blueocean-plugin.git # timeout=10
Cleaning workspace
 > git rev-parse --verify HEAD # timeout=10
No valid HEAD. Skipping the resetting
 > git clean -fdx # timeout=10
Fetching without tags
Fetching upstream changes from https://github.com/adildsw/blueocean-plugin.git
using GIT_ASKPASS to set credentials GitHub Access Token
 > git fetch --no-tags --progress https://github.com/adildsw/blueocean-plugin.git +refs/heads/hotfix/JENKINS-48392:refs/remotes/origin/hotfix/JENKINS-48392
Checking out Revision 2f0abdd33962c906f5081ef27a60e04058d53a7d (hotfix/JENKINS-48392)
 > git config core.sparsecheckout # timeout=10
 > git checkout -f 2f0abdd33962c906f5081ef27a60e04058d53a7d
 > git branch -a -v --no-abbrev # timeout=10
 > git checkout -b hotfix/JENKINS-48392 2f0abdd33962c906f5081ef27a60e04058d53a7d
Commit message: "Findbugs gods"
First time build. Skipping changelog.
Cleaning workspace
 > git rev-parse --verify HEAD # timeout=10
Resetting working tree
 > git reset --hard # timeout=10
 > git clean -fdx # timeout=10
