Cloning the remote Git repository
Cloning with configured refspecs honoured and without tags
Cloning repository https://github.com/adildsw/blueocean-plugin.git
 > git init /home/adildsw/jenkins-plugins/demoplugin/work/jobs/blueocean-plugin/branches/task-JENK.8pmp840q4qps.l-buttons/workspace # timeout=10
Fetching upstream changes from https://github.com/adildsw/blueocean-plugin.git
 > git --version # timeout=10
using GIT_ASKPASS to set credentials GitHub Access Token
 > git fetch --no-tags --progress https://github.com/adildsw/blueocean-plugin.git +refs/heads/task/JENKINS-46218_reorder_source_control_buttons:refs/remotes/origin/task/JENKINS-46218_reorder_source_control_buttons
 > git config remote.origin.url https://github.com/adildsw/blueocean-plugin.git # timeout=10
 > git config --add remote.origin.fetch +refs/heads/task/JENKINS-46218_reorder_source_control_buttons:refs/remotes/origin/task/JENKINS-46218_reorder_source_control_buttons # timeout=10
 > git config remote.origin.url https://github.com/adildsw/blueocean-plugin.git # timeout=10
Cleaning workspace
 > git rev-parse --verify HEAD # timeout=10
No valid HEAD. Skipping the resetting
 > git clean -fdx # timeout=10
Fetching without tags
Fetching upstream changes from https://github.com/adildsw/blueocean-plugin.git
using GIT_ASKPASS to set credentials GitHub Access Token
 > git fetch --no-tags --progress https://github.com/adildsw/blueocean-plugin.git +refs/heads/task/JENKINS-46218_reorder_source_control_buttons:refs/remotes/origin/task/JENKINS-46218_reorder_source_control_buttons
Checking out Revision 15b11c25668de1b47e9787fa4000b0e018ca847f (task/JENKINS-46218_reorder_source_control_buttons)
 > git config core.sparsecheckout # timeout=10
 > git checkout -f 15b11c25668de1b47e9787fa4000b0e018ca847f
 > git branch -a -v --no-abbrev # timeout=10
 > git checkout -b task/JENKINS-46218_reorder_source_control_buttons 15b11c25668de1b47e9787fa4000b0e018ca847f
Commit message: "removed useless classes that broke the ATH test"
First time build. Skipping changelog.
Cleaning workspace
 > git rev-parse --verify HEAD # timeout=10
Resetting working tree
 > git reset --hard # timeout=10
 > git clean -fdx # timeout=10
