Cloning the remote Git repository
Cloning with configured refspecs honoured and without tags
Cloning repository https://github.com/adildsw/blueocean-plugin.git
 > git init /home/adildsw/jenkins-plugins/demoplugin/work/jobs/blueocean-plugin/branches/topic-plugin-manager-rest.8b33vp/workspace # timeout=10
Fetching upstream changes from https://github.com/adildsw/blueocean-plugin.git
 > git --version # timeout=10
using GIT_ASKPASS to set credentials GitHub Access Token
 > git fetch --no-tags --progress https://github.com/adildsw/blueocean-plugin.git +refs/heads/topic/plugin-manager-rest:refs/remotes/origin/topic/plugin-manager-rest
 > git config remote.origin.url https://github.com/adildsw/blueocean-plugin.git # timeout=10
 > git config --add remote.origin.fetch +refs/heads/topic/plugin-manager-rest:refs/remotes/origin/topic/plugin-manager-rest # timeout=10
 > git config remote.origin.url https://github.com/adildsw/blueocean-plugin.git # timeout=10
Cleaning workspace
 > git rev-parse --verify HEAD # timeout=10
No valid HEAD. Skipping the resetting
 > git clean -fdx # timeout=10
Fetching without tags
Fetching upstream changes from https://github.com/adildsw/blueocean-plugin.git
using GIT_ASKPASS to set credentials GitHub Access Token
 > git fetch --no-tags --progress https://github.com/adildsw/blueocean-plugin.git +refs/heads/topic/plugin-manager-rest:refs/remotes/origin/topic/plugin-manager-rest
Checking out Revision acb9f18ec94bc946461ecf47ba4e6a67fec5e99a (topic/plugin-manager-rest)
 > git config core.sparsecheckout # timeout=10
 > git checkout -f acb9f18ec94bc946461ecf47ba4e6a67fec5e99a
 > git branch -a -v --no-abbrev # timeout=10
 > git checkout -b topic/plugin-manager-rest acb9f18ec94bc946461ecf47ba4e6a67fec5e99a
Commit message: "Add REST API for plugin manager"
First time build. Skipping changelog.
Cleaning workspace
 > git rev-parse --verify HEAD # timeout=10
Resetting working tree
 > git reset --hard # timeout=10
 > git clean -fdx # timeout=10
