Cloning the remote Git repository
Cloning with configured refspecs honoured and without tags
Cloning repository https://github.com/adildsw/blueocean-plugin.git
 > git init /home/adildsw/jenkins-plugins/demoplugin/work/jobs/blueocean-plugin/branches/release-1-2-no-metrics.098a11/workspace # timeout=10
Fetching upstream changes from https://github.com/adildsw/blueocean-plugin.git
 > git --version # timeout=10
using GIT_ASKPASS to set credentials GitHub Access Token
 > git fetch --no-tags --progress https://github.com/adildsw/blueocean-plugin.git +refs/heads/release-1.2-no-metrics:refs/remotes/origin/release-1.2-no-metrics
 > git config remote.origin.url https://github.com/adildsw/blueocean-plugin.git # timeout=10
 > git config --add remote.origin.fetch +refs/heads/release-1.2-no-metrics:refs/remotes/origin/release-1.2-no-metrics # timeout=10
 > git config remote.origin.url https://github.com/adildsw/blueocean-plugin.git # timeout=10
Cleaning workspace
 > git rev-parse --verify HEAD # timeout=10
No valid HEAD. Skipping the resetting
 > git clean -fdx # timeout=10
Fetching without tags
Fetching upstream changes from https://github.com/adildsw/blueocean-plugin.git
using GIT_ASKPASS to set credentials GitHub Access Token
 > git fetch --no-tags --progress https://github.com/adildsw/blueocean-plugin.git +refs/heads/release-1.2-no-metrics:refs/remotes/origin/release-1.2-no-metrics
Checking out Revision 0f484e1c2071da6893d412012c0649c930ee5b28 (release-1.2-no-metrics)
 > git config core.sparsecheckout # timeout=10
 > git checkout -f 0f484e1c2071da6893d412012c0649c930ee5b28
 > git branch -a -v --no-abbrev # timeout=10
 > git checkout -b release-1.2-no-metrics 0f484e1c2071da6893d412012c0649c930ee5b28
Commit message: "remove metrics"
First time build. Skipping changelog.
Cleaning workspace
 > git rev-parse --verify HEAD # timeout=10
Resetting working tree
 > git reset --hard # timeout=10
 > git clean -fdx # timeout=10
