Cloning the remote Git repository
Cloning with configured refspecs honoured and without tags
Cloning repository https://github.com/adildsw/blueocean-plugin.git
 > git init /home/adildsw/jenkins-plugins/demoplugin/work/jobs/blueocean-plugin/branches/merge-all-teh-js/workspace # timeout=10
Fetching upstream changes from https://github.com/adildsw/blueocean-plugin.git
 > git --version # timeout=10
using GIT_ASKPASS to set credentials GitHub Access Token
 > git fetch --no-tags --progress https://github.com/adildsw/blueocean-plugin.git +refs/heads/merge-all-teh-js:refs/remotes/origin/merge-all-teh-js
 > git config remote.origin.url https://github.com/adildsw/blueocean-plugin.git # timeout=10
 > git config --add remote.origin.fetch +refs/heads/merge-all-teh-js:refs/remotes/origin/merge-all-teh-js # timeout=10
 > git config remote.origin.url https://github.com/adildsw/blueocean-plugin.git # timeout=10
Cleaning workspace
 > git rev-parse --verify HEAD # timeout=10
No valid HEAD. Skipping the resetting
 > git clean -fdx # timeout=10
Fetching without tags
Fetching upstream changes from https://github.com/adildsw/blueocean-plugin.git
using GIT_ASKPASS to set credentials GitHub Access Token
 > git fetch --no-tags --progress https://github.com/adildsw/blueocean-plugin.git +refs/heads/merge-all-teh-js:refs/remotes/origin/merge-all-teh-js
Checking out Revision d2c58b703aa60b1ae8c135696150ab66cdced532 (merge-all-teh-js)
 > git config core.sparsecheckout # timeout=10
 > git checkout -f d2c58b703aa60b1ae8c135696150ab66cdced532
 > git branch -a -v --no-abbrev # timeout=10
 > git checkout -b merge-all-teh-js d2c58b703aa60b1ae8c135696150ab66cdced532
Commit message: "Kinda working now"
First time build. Skipping changelog.
Cleaning workspace
 > git rev-parse --verify HEAD # timeout=10
Resetting working tree
 > git reset --hard # timeout=10
 > git clean -fdx # timeout=10
