Cloning the remote Git repository
Cloning with configured refspecs honoured and without tags
Cloning repository https://github.com/adildsw/blueocean-plugin.git
 > git init /home/adildsw/jenkins-plugins/demoplugin/work/jobs/blueocean-plugin/branches/performance-.11j9me.ration-title/workspace # timeout=10
Fetching upstream changes from https://github.com/adildsw/blueocean-plugin.git
 > git --version # timeout=10
using GIT_ASKPASS to set credentials GitHub Access Token
 > git fetch --no-tags --progress https://github.com/adildsw/blueocean-plugin.git +refs/heads/performance_remove_timeDuration_title:refs/remotes/origin/performance_remove_timeDuration_title
 > git config remote.origin.url https://github.com/adildsw/blueocean-plugin.git # timeout=10
 > git config --add remote.origin.fetch +refs/heads/performance_remove_timeDuration_title:refs/remotes/origin/performance_remove_timeDuration_title # timeout=10
 > git config remote.origin.url https://github.com/adildsw/blueocean-plugin.git # timeout=10
Cleaning workspace
 > git rev-parse --verify HEAD # timeout=10
No valid HEAD. Skipping the resetting
 > git clean -fdx # timeout=10
Fetching without tags
Fetching upstream changes from https://github.com/adildsw/blueocean-plugin.git
using GIT_ASKPASS to set credentials GitHub Access Token
 > git fetch --no-tags --progress https://github.com/adildsw/blueocean-plugin.git +refs/heads/performance_remove_timeDuration_title:refs/remotes/origin/performance_remove_timeDuration_title
Checking out Revision 33e4651b0e50986a40988bf45033ec23619eb4af (performance_remove_timeDuration_title)
 > git config core.sparsecheckout # timeout=10
 > git checkout -f 33e4651b0e50986a40988bf45033ec23619eb4af
 > git branch -a -v --no-abbrev # timeout=10
 > git checkout -b performance_remove_timeDuration_title 33e4651b0e50986a40988bf45033ec23619eb4af
Commit message: "remove obsolete tests"
First time build. Skipping changelog.
Cleaning workspace
 > git rev-parse --verify HEAD # timeout=10
Resetting working tree
 > git reset --hard # timeout=10
 > git clean -fdx # timeout=10
