Cloning the remote Git repository
Cloning with configured refspecs honoured and without tags
Cloning repository https://github.com/adildsw/blueocean-plugin.git
 > git init /home/adildsw/jenkins-plugins/demoplugin/work/jobs/blueocean-plugin/branches/pr-1628.65j0mu/workspace # timeout=10
Fetching upstream changes from https://github.com/adildsw/blueocean-plugin.git
 > git --version # timeout=10
using GIT_ASKPASS to set credentials GitHub Access Token
 > git fetch --no-tags --progress https://github.com/adildsw/blueocean-plugin.git +refs/heads/pr/1628:refs/remotes/origin/pr/1628
 > git config remote.origin.url https://github.com/adildsw/blueocean-plugin.git # timeout=10
 > git config --add remote.origin.fetch +refs/heads/pr/1628:refs/remotes/origin/pr/1628 # timeout=10
 > git config remote.origin.url https://github.com/adildsw/blueocean-plugin.git # timeout=10
Cleaning workspace
 > git rev-parse --verify HEAD # timeout=10
No valid HEAD. Skipping the resetting
 > git clean -fdx # timeout=10
Fetching without tags
Fetching upstream changes from https://github.com/adildsw/blueocean-plugin.git
using GIT_ASKPASS to set credentials GitHub Access Token
 > git fetch --no-tags --progress https://github.com/adildsw/blueocean-plugin.git +refs/heads/pr/1628:refs/remotes/origin/pr/1628
Checking out Revision cabec099e8203e18b3a8b23b49425f3facb5529b (pr/1628)
 > git config core.sparsecheckout # timeout=10
 > git checkout -f cabec099e8203e18b3a8b23b49425f3facb5529b
 > git branch -a -v --no-abbrev # timeout=10
 > git checkout -b pr/1628 cabec099e8203e18b3a8b23b49425f3facb5529b
Commit message: "Added test for getCauseOfBlockage()"
First time build. Skipping changelog.
Cleaning workspace
 > git rev-parse --verify HEAD # timeout=10
Resetting working tree
 > git reset --hard # timeout=10
 > git clean -fdx # timeout=10
