Cloning the remote Git repository
Cloning with configured refspecs honoured and without tags
Cloning repository https://github.com/adildsw/blueocean-plugin.git
 > git init /home/adildsw/jenkins-plugins/demoplugin/work/jobs/blueocean-plugin/branches/codeowners-cleanup/workspace # timeout=10
Fetching upstream changes from https://github.com/adildsw/blueocean-plugin.git
 > git --version # timeout=10
using GIT_ASKPASS to set credentials GitHub Access Token
 > git fetch --no-tags --progress https://github.com/adildsw/blueocean-plugin.git +refs/heads/codeowners-cleanup:refs/remotes/origin/codeowners-cleanup
 > git config remote.origin.url https://github.com/adildsw/blueocean-plugin.git # timeout=10
 > git config --add remote.origin.fetch +refs/heads/codeowners-cleanup:refs/remotes/origin/codeowners-cleanup # timeout=10
 > git config remote.origin.url https://github.com/adildsw/blueocean-plugin.git # timeout=10
Cleaning workspace
 > git rev-parse --verify HEAD # timeout=10
No valid HEAD. Skipping the resetting
 > git clean -fdx # timeout=10
Fetching without tags
Fetching upstream changes from https://github.com/adildsw/blueocean-plugin.git
using GIT_ASKPASS to set credentials GitHub Access Token
 > git fetch --no-tags --progress https://github.com/adildsw/blueocean-plugin.git +refs/heads/codeowners-cleanup:refs/remotes/origin/codeowners-cleanup
Checking out Revision 7ff09604db3598fecc9b95bebbd031743e40c2bf (codeowners-cleanup)
 > git config core.sparsecheckout # timeout=10
 > git checkout -f 7ff09604db3598fecc9b95bebbd031743e40c2bf
 > git branch -a -v --no-abbrev # timeout=10
 > git checkout -b codeowners-cleanup 7ff09604db3598fecc9b95bebbd031743e40c2bf
Commit message: "remove cliffmeyers from JDL codeowners"
First time build. Skipping changelog.
Cleaning workspace
 > git rev-parse --verify HEAD # timeout=10
Resetting working tree
 > git reset --hard # timeout=10
 > git clean -fdx # timeout=10
