Cloning the remote Git repository
Cloning with configured refspecs honoured and without tags
Cloning repository https://github.com/adildsw/blueocean-plugin.git
 > git init /home/adildsw/jenkins-plugins/demoplugin/work/jobs/blueocean-plugin/branches/sse-gateway-pr23-verify/workspace # timeout=10
Fetching upstream changes from https://github.com/adildsw/blueocean-plugin.git
 > git --version # timeout=10
using GIT_ASKPASS to set credentials GitHub Access Token
 > git fetch --no-tags --progress https://github.com/adildsw/blueocean-plugin.git +refs/heads/sse-gateway-pr23-verify:refs/remotes/origin/sse-gateway-pr23-verify
 > git config remote.origin.url https://github.com/adildsw/blueocean-plugin.git # timeout=10
 > git config --add remote.origin.fetch +refs/heads/sse-gateway-pr23-verify:refs/remotes/origin/sse-gateway-pr23-verify # timeout=10
 > git config remote.origin.url https://github.com/adildsw/blueocean-plugin.git # timeout=10
Cleaning workspace
 > git rev-parse --verify HEAD # timeout=10
No valid HEAD. Skipping the resetting
 > git clean -fdx # timeout=10
Fetching without tags
Fetching upstream changes from https://github.com/adildsw/blueocean-plugin.git
using GIT_ASKPASS to set credentials GitHub Access Token
 > git fetch --no-tags --progress https://github.com/adildsw/blueocean-plugin.git +refs/heads/sse-gateway-pr23-verify:refs/remotes/origin/sse-gateway-pr23-verify
Checking out Revision 07777f50f9ecbdd3419bb126abddd2fd69739d75 (sse-gateway-pr23-verify)
 > git config core.sparsecheckout # timeout=10
 > git checkout -f 07777f50f9ecbdd3419bb126abddd2fd69739d75
 > git branch -a -v --no-abbrev # timeout=10
 > git checkout -b sse-gateway-pr23-verify 07777f50f9ecbdd3419bb126abddd2fd69739d75
Commit message: "use SSE 1.16 SNAPSHOT"
First time build. Skipping changelog.
Cleaning workspace
 > git rev-parse --verify HEAD # timeout=10
Resetting working tree
 > git reset --hard # timeout=10
 > git clean -fdx # timeout=10
