Cloning the remote Git repository
Cloning with configured refspecs honoured and without tags
Cloning repository https://github.com/adildsw/blueocean-plugin.git
 > git init /home/adildsw/jenkins-plugins/demoplugin/work/jobs/blueocean-plugin/branches/topic-github-issues.eq6om4/workspace # timeout=10
Fetching upstream changes from https://github.com/adildsw/blueocean-plugin.git
 > git --version # timeout=10
using GIT_ASKPASS to set credentials GitHub Access Token
 > git fetch --no-tags --progress https://github.com/adildsw/blueocean-plugin.git +refs/heads/topic/github-issues:refs/remotes/origin/topic/github-issues
 > git config remote.origin.url https://github.com/adildsw/blueocean-plugin.git # timeout=10
 > git config --add remote.origin.fetch +refs/heads/topic/github-issues:refs/remotes/origin/topic/github-issues # timeout=10
 > git config remote.origin.url https://github.com/adildsw/blueocean-plugin.git # timeout=10
Cleaning workspace
 > git rev-parse --verify HEAD # timeout=10
No valid HEAD. Skipping the resetting
 > git clean -fdx # timeout=10
Fetching without tags
Fetching upstream changes from https://github.com/adildsw/blueocean-plugin.git
using GIT_ASKPASS to set credentials GitHub Access Token
 > git fetch --no-tags --progress https://github.com/adildsw/blueocean-plugin.git +refs/heads/topic/github-issues:refs/remotes/origin/topic/github-issues
Checking out Revision b2a98419511904e084c367e01ca0cb851cf9b6fd (topic/github-issues)
 > git config core.sparsecheckout # timeout=10
 > git checkout -f b2a98419511904e084c367e01ca0cb851cf9b6fd
 > git branch -a -v --no-abbrev # timeout=10
 > git checkout -b topic/github-issues b2a98419511904e084c367e01ca0cb851cf9b6fd
Commit message: "Merge branch 'topic/jira-backend' into topic/github-issues"
First time build. Skipping changelog.
Cleaning workspace
 > git rev-parse --verify HEAD # timeout=10
Resetting working tree
 > git reset --hard # timeout=10
 > git clean -fdx # timeout=10
