Cloning the remote Git repository
Cloning with configured refspecs honoured and without tags
Cloning repository https://github.com/adildsw/blueocean-plugin.git
 > git init /home/adildsw/jenkins-plugins/demoplugin/work/jobs/blueocean-plugin/branches/topic-move-to-props.ig6dj6/workspace # timeout=10
Fetching upstream changes from https://github.com/adildsw/blueocean-plugin.git
 > git --version # timeout=10
using GIT_ASKPASS to set credentials GitHub Access Token
 > git fetch --no-tags --progress https://github.com/adildsw/blueocean-plugin.git +refs/heads/topic/move-to-props:refs/remotes/origin/topic/move-to-props
 > git config remote.origin.url https://github.com/adildsw/blueocean-plugin.git # timeout=10
 > git config --add remote.origin.fetch +refs/heads/topic/move-to-props:refs/remotes/origin/topic/move-to-props # timeout=10
 > git config remote.origin.url https://github.com/adildsw/blueocean-plugin.git # timeout=10
Cleaning workspace
 > git rev-parse --verify HEAD # timeout=10
No valid HEAD. Skipping the resetting
 > git clean -fdx # timeout=10
Fetching without tags
Fetching upstream changes from https://github.com/adildsw/blueocean-plugin.git
using GIT_ASKPASS to set credentials GitHub Access Token
 > git fetch --no-tags --progress https://github.com/adildsw/blueocean-plugin.git +refs/heads/topic/move-to-props:refs/remotes/origin/topic/move-to-props
Checking out Revision e7ea0ca31fd4753dfa4614043538b6664fbb934e (topic/move-to-props)
 > git config core.sparsecheckout # timeout=10
 > git checkout -f e7ea0ca31fd4753dfa4614043538b6664fbb934e
 > git branch -a -v --no-abbrev # timeout=10
 > git checkout -b topic/move-to-props e7ea0ca31fd4753dfa4614043538b6664fbb934e
Commit message: "Move analytics keys to properties files"
First time build. Skipping changelog.
Cleaning workspace
 > git rev-parse --verify HEAD # timeout=10
Resetting working tree
 > git reset --hard # timeout=10
 > git clean -fdx # timeout=10
