Cloning the remote Git repository
Cloning with configured refspecs honoured and without tags
Cloning repository https://github.com/adildsw/whimsy.git
 > git init /home/adildsw/jenkins-plugins/demoplugin/work/jobs/whimsy/branches/topic-bug-fix.udt0n2/workspace # timeout=10
Fetching upstream changes from https://github.com/adildsw/whimsy.git
 > git --version # timeout=10
using GIT_ASKPASS to set credentials GitHub Access Token
 > git fetch --no-tags --progress https://github.com/adildsw/whimsy.git +refs/heads/topic/bug-fix:refs/remotes/origin/topic/bug-fix
 > git config remote.origin.url https://github.com/adildsw/whimsy.git # timeout=10
 > git config --add remote.origin.fetch +refs/heads/topic/bug-fix:refs/remotes/origin/topic/bug-fix # timeout=10
 > git config remote.origin.url https://github.com/adildsw/whimsy.git # timeout=10
Cleaning workspace
 > git rev-parse --verify HEAD # timeout=10
No valid HEAD. Skipping the resetting
 > git clean -fdx # timeout=10
Fetching without tags
Fetching upstream changes from https://github.com/adildsw/whimsy.git
using GIT_ASKPASS to set credentials GitHub Access Token
 > git fetch --no-tags --progress https://github.com/adildsw/whimsy.git +refs/heads/topic/bug-fix:refs/remotes/origin/topic/bug-fix
Checking out Revision 0df42dbdfed557029211cc9492cf29696f66ae7e (topic/bug-fix)
 > git config core.sparsecheckout # timeout=10
 > git checkout -f 0df42dbdfed557029211cc9492cf29696f66ae7e
 > git branch -a -v --no-abbrev # timeout=10
 > git checkout -b topic/bug-fix 0df42dbdfed557029211cc9492cf29696f66ae7e
Commit message: "Updated Jenkinsfile"
First time build. Skipping changelog.
Cleaning workspace
 > git rev-parse --verify HEAD # timeout=10
Resetting working tree
 > git reset --hard # timeout=10
 > git clean -fdx # timeout=10
