Cloning the remote Git repository
Cloning with configured refspecs honoured and without tags
Cloning repository https://github.com/adildsw/whimsy.git
 > git init /home/adildsw/jenkins-plugins/demoplugin/work/jobs/whimsy/branches/topic-polgons.mcibsn/workspace # timeout=10
Fetching upstream changes from https://github.com/adildsw/whimsy.git
 > git --version # timeout=10
using GIT_ASKPASS to set credentials GitHub Access Token
 > git fetch --no-tags --progress https://github.com/adildsw/whimsy.git +refs/heads/topic/polgons:refs/remotes/origin/topic/polgons
 > git config remote.origin.url https://github.com/adildsw/whimsy.git # timeout=10
 > git config --add remote.origin.fetch +refs/heads/topic/polgons:refs/remotes/origin/topic/polgons # timeout=10
 > git config remote.origin.url https://github.com/adildsw/whimsy.git # timeout=10
Cleaning workspace
 > git rev-parse --verify HEAD # timeout=10
No valid HEAD. Skipping the resetting
 > git clean -fdx # timeout=10
Fetching without tags
Fetching upstream changes from https://github.com/adildsw/whimsy.git
using GIT_ASKPASS to set credentials GitHub Access Token
 > git fetch --no-tags --progress https://github.com/adildsw/whimsy.git +refs/heads/topic/polgons:refs/remotes/origin/topic/polgons
Checking out Revision 3793830b32ffa5557d46d496bf307ecf153aa56c (topic/polgons)
 > git config core.sparsecheckout # timeout=10
 > git checkout -f 3793830b32ffa5557d46d496bf307ecf153aa56c
 > git branch -a -v --no-abbrev # timeout=10
 > git checkout -b topic/polgons 3793830b32ffa5557d46d496bf307ecf153aa56c
Commit message: "Add new polygon library"
First time build. Skipping changelog.
Cleaning workspace
 > git rev-parse --verify HEAD # timeout=10
Resetting working tree
 > git reset --hard # timeout=10
 > git clean -fdx # timeout=10
