Started by user [8mha:////4CTvuOCgjO1qzQ9gXmRmoRGqLG4fiYopxFZSfX2RsNK2AAAAmR+LCAAAAAAAAP9b85aBtbiIQTGjNKU4P08vOT+vOD8nVc83PyU1x6OyILUoJzMv2y+/JJUBAhiZGBgqihhk0NSjKDWzXb3RdlLBUSYGJk8GtpzUvPSSDB8G5tKinBIGIZ+sxLJE/ZzEvHT94JKizLx0a6BxUmjGOUNodHsLgAzuEgZe/dLi1CL9xJTMnJTicgA3hk/gwgAAAA==[0mAdil Rahman
[Fri Jul 20 16:37:31 EDT 2018] Starting branch indexing...
[8mha:////4LELnQ+w5/dV+D00dMUtvzikp4z/f6cdf/InlVI4b8NtAAAAhB+LCAAAAAAAAP9b85aBtbiIwSa/KF0vKzUvOzOvODlTryCnNB3I0kvPLMkoTYpPKkrMS86IL84vLUpO1XPPLPEoTXLOzyvOz0n1yy9JZYAARiYGRi8GzpLM3NTiksTcgooiBqmM0pTi/Dy9ZIhiPayaGCoKgHTKzswcPgARChVEjgAAAA==[0mConnecting to https://api.github.com using adildsw/****** (GitHub Access Token)
[8mha:////4AB63hDEM/yoWwDkGl5pM/kC7Dm0znFXYLCQKNmBaRfMAAAAhB+LCAAAAAAAAP9b85aBtbiIwSa/KF0vKzUvOzOvODlTryCnNB3I0kvPLMkoTYpPKkrMS86IL84vLUpO1XPPLPEoTXLOzyvOz0n1yy9JZYAARiYGRi8GzpLM3NTiksTcgooiBqmM0pTi/Dy9ZIhiPayaGCoKgHTKzsycYwCTQKrRjgAAAA==[0mConnecting to https://api.github.com using adildsw/****** (GitHub Access Token)
Examining [8mha:////4MNh6gZzCVJ4Dg78OCXPRZo6SkXi/D2qNAgsNUVbtUabAAAAoR+LCAAAAAAAAP9b85aBtbiIQSajNKU4P08vOT+vOD8nVc+jsiC1KCczL9svvyTVzHb1RttJBUeZGJg8GdhyUvPSSzJ8GJhLi3JKGIR8shLLEvVzEvPS9YNLijLz0q0rihik0IxzhtAgwxgggJGJgaGiAMjgK2FQzCgpKSi20tdPzyzJKE0C6srVT0zJzEkpLtcvz8jMLa4EAMUxcvWmAAAA[0madildsw/whimsy

  Checking branches...

  Getting remote branches...

    Checking branch [8mha:////4MmmTONFYDVcn4fW6T+KiG6pIfLMv61yOLYv7L1UBZ4OAAAAsR+LCAAAAAAAAP9djLENwjAQRY8gqKgoESuQK5AoQKloQIpomMAhVmzi2JbvQpI1WAMahmAcdiAoHa/5r/nv+YEJBViqOidn44uz5IyMD52XwWhbnhzLTfJ4JXf/jiA6wtRIW7BKYVwHwzBPr+Im0Ahb4JmDtsWuDbD4y+2H/cVgYBQBtL6XGcNaMXvaIhaaVZ31rwpFrk1ODTZKV9QhBykxC66UdsWSmL5ZIagOuAAAAA==[0mbroken-tests
      ‘Jenkinsfile’ found
    Met criteria
No changes detected: broken-tests (still at 1a3c35ed97026270d36547ed5239a68d9889daac)

    Checking branch [8mha:////4NbPFqqAQqAwj0TJN68KyNAennEoaev/8Tce3US1ZltbAAAAqx+LCAAAAAAAAP9djLENwjAQRY8gMgAlYgVyHQUoFQ1IEQ0TGGLZJo5tnS8kWYM1oGEIxmEHgtLxmv+a/54fmEWCpW7K6F128S56K7N9HyRZ46qjZ7nOH6/8Ht4JJAdIrXSKdQHThizDvLiKm0ArnMITk3Fq2xEs/nK7cX8xGJkkAF0YJGVYaeYQN4jKsG7Ow6tGURpbxhZbberYI5OUWIvIkr6j6tZEsgAAAA==[0mmaster
      ‘Jenkinsfile’ found
    Met criteria
No changes detected: master (still at e41c447b8c88b3f5ccecb5fa64455680434239a4)

    Checking branch [8mha:////4AriR4rcGoHgvLh/ViBUY4SGaoVAe6bcSPbedKhDSV+1AAAAsh+LCAAAAAAAAP9djLENwjAQRY8g6GgoESuQaxAFKBUNSBENEziJsQ2ObdlnkqzBGtAwBOOwA0F0vOa/5r/HG0bBw1zGKliTltYEq3m66xz3WpnLwRJfZfdndnOvBJI9jDU3gmQOw+g1wTQ/sytDzYzAI3llxKb1MPvLbX/7jcGPQQLQul4mBEtJ5MIaUSiSsehfNbJK6So02EhVhw7Jc45knSqxiGJxUu0Hfu2LjrkAAAA=[0mtopic/bug-fix
      ‘Jenkinsfile’ found
    Met criteria
No changes detected: topic/bug-fix (still at 0df42dbdfed557029211cc9492cf29696f66ae7e)

    Checking branch [8mha:////4P7KKyhjuLDWSjhifGiNE44AKp/pX4St3EcZHewb02atAAAAsR+LCAAAAAAAAP9dzLENwjAQBdAjCDoaSsQMuQZRgFLRgBTRMIFJLNtwsS37QpI1WAMahmAcdiAoHb/5v/nv+YFJDLDUdRmdTQtnoyOZ7jsvAxl7PTqW6+zxyu7+nUBygClJq1jnMK4DMczzi7gJJGEVnjgYq7ZtgMUftxv6h8GQUQLQ+n7MGFaa2ccNojKs63P/qlCUhsrYYKNNFTvkICWy86ZA70j13BfsvLyIuQAAAA==[0mtopic/polgons
      ‘Jenkinsfile’ found
    Met criteria
No changes detected: topic/polgons (still at 3793830b32ffa5557d46d496bf307ecf153aa56c)

    Checking branch [8mha:////4FO2Z1011sej1Oahx4gxfBHrjXD3TJqWpJ7vcbcLBTVYAAAAtx+LCAAAAAAAAP9djLENwjAURD9BMAAVQqwQfkcBiihoQIpomMBgyzY4tmV/k2QN1oCGIRiHHQhKxzV30t295wdGMcBcJR6dXZydjc6Ixa71IhhtrwdHYlk8XsXdvzPI9jA2wkpSJQxTMAST8sJuDA2zEo8UtJXrJsDsD7ft/QeDXoMMoPFdmBJsFJGPK0SpSaVT96qQcW14rLFWuootUhACk+eMBM/rbpZXLoi8b7+A8xsJxAAAAA==[0mupdated-with-more-whimsy
      ‘Jenkinsfile’ found
    Met criteria
No changes detected: updated-with-more-whimsy (still at be2afe647ee8e32d105a8eef9e0e2d2d138d5ede)

  5 branches were processed

  Checking pull-requests...

  Getting remote pull requests...

  0 pull requests were processed

Finished examining adildsw/whimsy

[Fri Jul 20 16:37:32 EDT 2018] Finished branch indexing. Indexing took 1.5 sec
Finished: SUCCESS
