Cloning the remote Git repository
Cloning with configured refspecs honoured and without tags
Cloning repository https://github.com/adildsw/blueocean-plugin.git
 > git init /home/adildsw/jenkins-plugins/demoplugin/work/jobs/blueocean-plugin/branches/merge-editor-release-1-2.et4l4q/workspace # timeout=10
Fetching upstream changes from https://github.com/adildsw/blueocean-plugin.git
 > git --version # timeout=10
using GIT_ASKPASS to set credentials GitHub Access Token
 > git fetch --no-tags --progress https://github.com/adildsw/blueocean-plugin.git +refs/heads/merge-editor-release/1.2:refs/remotes/origin/merge-editor-release/1.2
 > git config remote.origin.url https://github.com/adildsw/blueocean-plugin.git # timeout=10
 > git config --add remote.origin.fetch +refs/heads/merge-editor-release/1.2:refs/remotes/origin/merge-editor-release/1.2 # timeout=10
 > git config remote.origin.url https://github.com/adildsw/blueocean-plugin.git # timeout=10
Cleaning workspace
 > git rev-parse --verify HEAD # timeout=10
No valid HEAD. Skipping the resetting
 > git clean -fdx # timeout=10
Fetching without tags
Fetching upstream changes from https://github.com/adildsw/blueocean-plugin.git
using GIT_ASKPASS to set credentials GitHub Access Token
 > git fetch --no-tags --progress https://github.com/adildsw/blueocean-plugin.git +refs/heads/merge-editor-release/1.2:refs/remotes/origin/merge-editor-release/1.2
Checking out Revision f988416c10ea354eff0384f6ebd80089cbc953c8 (merge-editor-release/1.2)
 > git config core.sparsecheckout # timeout=10
 > git checkout -f f988416c10ea354eff0384f6ebd80089cbc953c8
 > git branch -a -v --no-abbrev # timeout=10
 > git checkout -b merge-editor-release/1.2 f988416c10ea354eff0384f6ebd80089cbc953c8
Commit message: "Updating POMs for merged editor"
First time build. Skipping changelog.
Cleaning workspace
 > git rev-parse --verify HEAD # timeout=10
Resetting working tree
 > git reset --hard # timeout=10
 > git clean -fdx # timeout=10
