Cloning the remote Git repository
Cloning with configured refspecs honoured and without tags
Cloning repository https://github.com/adildsw/blueocean-plugin.git
 > git init /home/adildsw/jenkins-plugins/demoplugin/work/jobs/blueocean-plugin/branches/JENKINS-47158-release-1-3.23vl48/workspace # timeout=10
Fetching upstream changes from https://github.com/adildsw/blueocean-plugin.git
 > git --version # timeout=10
using GIT_ASKPASS to set credentials GitHub Access Token
 > git fetch --no-tags --progress https://github.com/adildsw/blueocean-plugin.git +refs/heads/JENKINS-47158_release-1.3:refs/remotes/origin/JENKINS-47158_release-1.3
 > git config remote.origin.url https://github.com/adildsw/blueocean-plugin.git # timeout=10
 > git config --add remote.origin.fetch +refs/heads/JENKINS-47158_release-1.3:refs/remotes/origin/JENKINS-47158_release-1.3 # timeout=10
 > git config remote.origin.url https://github.com/adildsw/blueocean-plugin.git # timeout=10
Cleaning workspace
 > git rev-parse --verify HEAD # timeout=10
No valid HEAD. Skipping the resetting
 > git clean -fdx # timeout=10
Fetching without tags
Fetching upstream changes from https://github.com/adildsw/blueocean-plugin.git
using GIT_ASKPASS to set credentials GitHub Access Token
 > git fetch --no-tags --progress https://github.com/adildsw/blueocean-plugin.git +refs/heads/JENKINS-47158_release-1.3:refs/remotes/origin/JENKINS-47158_release-1.3
Checking out Revision 2405aabab2079f90935269e72c0b621abbe583f3 (JENKINS-47158_release-1.3)
 > git config core.sparsecheckout # timeout=10
 > git checkout -f 2405aabab2079f90935269e72c0b621abbe583f3
 > git branch -a -v --no-abbrev # timeout=10
 > git checkout -b JENKINS-47158_release-1.3 2405aabab2079f90935269e72c0b621abbe583f3
Commit message: "[JENKINS-47158] Ensure that synthetic FlowNode is not saved. (#1584)"
First time build. Skipping changelog.
Cleaning workspace
 > git rev-parse --verify HEAD # timeout=10
Resetting working tree
 > git reset --hard # timeout=10
 > git clean -fdx # timeout=10
