Cloning the remote Git repository
Cloning with configured refspecs honoured and without tags
Cloning repository https://github.com/adildsw/blueocean-plugin.git
 > git init /home/adildsw/jenkins-plugins/demoplugin/work/jobs/blueocean-plugin/branches/ignore-te.tuidpuogq0n.ontend-1-0/workspace # timeout=10
Fetching upstream changes from https://github.com/adildsw/blueocean-plugin.git
 > git --version # timeout=10
using GIT_ASKPASS to set credentials GitHub Access Token
 > git fetch --no-tags --progress https://github.com/adildsw/blueocean-plugin.git +refs/heads/ignore/testing-ci-issues-cliff-frontend-1.0:refs/remotes/origin/ignore/testing-ci-issues-cliff-frontend-1.0
 > git config remote.origin.url https://github.com/adildsw/blueocean-plugin.git # timeout=10
 > git config --add remote.origin.fetch +refs/heads/ignore/testing-ci-issues-cliff-frontend-1.0:refs/remotes/origin/ignore/testing-ci-issues-cliff-frontend-1.0 # timeout=10
 > git config remote.origin.url https://github.com/adildsw/blueocean-plugin.git # timeout=10
Cleaning workspace
 > git rev-parse --verify HEAD # timeout=10
No valid HEAD. Skipping the resetting
 > git clean -fdx # timeout=10
Fetching without tags
Fetching upstream changes from https://github.com/adildsw/blueocean-plugin.git
using GIT_ASKPASS to set credentials GitHub Access Token
 > git fetch --no-tags --progress https://github.com/adildsw/blueocean-plugin.git +refs/heads/ignore/testing-ci-issues-cliff-frontend-1.0:refs/remotes/origin/ignore/testing-ci-issues-cliff-frontend-1.0
Checking out Revision dda8562a5b211cda04bd513738a7d235f12ade67 (ignore/testing-ci-issues-cliff-frontend-1.0)
 > git config core.sparsecheckout # timeout=10
 > git checkout -f dda8562a5b211cda04bd513738a7d235f12ade67
 > git branch -a -v --no-abbrev # timeout=10
 > git checkout -b ignore/testing-ci-issues-cliff-frontend-1.0 dda8562a5b211cda04bd513738a7d235f12ade67
Commit message: "because hyphens?"
First time build. Skipping changelog.
Cleaning workspace
 > git rev-parse --verify HEAD # timeout=10
Resetting working tree
 > git reset --hard # timeout=10
 > git clean -fdx # timeout=10
