Cloning the remote Git repository
Cloning with configured refspecs honoured and without tags
Cloning repository https://github.com/adildsw/blueocean-plugin.git
 > git init /home/adildsw/jenkins-plugins/demoplugin/work/jobs/blueocean-plugin/branches/topic-pagables.7icegl/workspace # timeout=10
Fetching upstream changes from https://github.com/adildsw/blueocean-plugin.git
 > git --version # timeout=10
using GIT_ASKPASS to set credentials GitHub Access Token
 > git fetch --no-tags --progress https://github.com/adildsw/blueocean-plugin.git +refs/heads/topic/pagables:refs/remotes/origin/topic/pagables
 > git config remote.origin.url https://github.com/adildsw/blueocean-plugin.git # timeout=10
 > git config --add remote.origin.fetch +refs/heads/topic/pagables:refs/remotes/origin/topic/pagables # timeout=10
 > git config remote.origin.url https://github.com/adildsw/blueocean-plugin.git # timeout=10
Cleaning workspace
 > git rev-parse --verify HEAD # timeout=10
No valid HEAD. Skipping the resetting
 > git clean -fdx # timeout=10
Fetching without tags
Fetching upstream changes from https://github.com/adildsw/blueocean-plugin.git
using GIT_ASKPASS to set credentials GitHub Access Token
 > git fetch --no-tags --progress https://github.com/adildsw/blueocean-plugin.git +refs/heads/topic/pagables:refs/remotes/origin/topic/pagables
Checking out Revision 9a4ad342eda66db13769c9041072ed4fa8da2f4c (topic/pagables)
 > git config core.sparsecheckout # timeout=10
 > git checkout -f 9a4ad342eda66db13769c9041072ed4fa8da2f4c
 > git branch -a -v --no-abbrev # timeout=10
 > git checkout -b topic/pagables 9a4ad342eda66db13769c9041072ed4fa8da2f4c
Commit message: "Fixed an error in pagables.slice() that has been there forever"
First time build. Skipping changelog.
Cleaning workspace
 > git rev-parse --verify HEAD # timeout=10
Resetting working tree
 > git reset --hard # timeout=10
 > git clean -fdx # timeout=10
