Cloning the remote Git repository
Cloning with configured refspecs honoured and without tags
Cloning repository https://github.com/adildsw/blueocean-plugin.git
 > git init /home/adildsw/jenkins-plugins/demoplugin/work/jobs/blueocean-plugin/branches/JENKINS-4665.ud0347.cket-connect/workspace # timeout=10
Fetching upstream changes from https://github.com/adildsw/blueocean-plugin.git
 > git --version # timeout=10
using GIT_ASKPASS to set credentials GitHub Access Token
 > git fetch --no-tags --progress https://github.com/adildsw/blueocean-plugin.git +refs/heads/JENKINS-46656_bitbucket-connect:refs/remotes/origin/JENKINS-46656_bitbucket-connect
 > git config remote.origin.url https://github.com/adildsw/blueocean-plugin.git # timeout=10
 > git config --add remote.origin.fetch +refs/heads/JENKINS-46656_bitbucket-connect:refs/remotes/origin/JENKINS-46656_bitbucket-connect # timeout=10
 > git config remote.origin.url https://github.com/adildsw/blueocean-plugin.git # timeout=10
Cleaning workspace
 > git rev-parse --verify HEAD # timeout=10
No valid HEAD. Skipping the resetting
 > git clean -fdx # timeout=10
Fetching without tags
Fetching upstream changes from https://github.com/adildsw/blueocean-plugin.git
using GIT_ASKPASS to set credentials GitHub Access Token
 > git fetch --no-tags --progress https://github.com/adildsw/blueocean-plugin.git +refs/heads/JENKINS-46656_bitbucket-connect:refs/remotes/origin/JENKINS-46656_bitbucket-connect
Checking out Revision fe1bf50bd1104a8385ff8d49a09a36a370a41b32 (JENKINS-46656_bitbucket-connect)
 > git config core.sparsecheckout # timeout=10
 > git checkout -f fe1bf50bd1104a8385ff8d49a09a36a370a41b32
 > git branch -a -v --no-abbrev # timeout=10
 > git checkout -b JENKINS-46656_bitbucket-connect fe1bf50bd1104a8385ff8d49a09a36a370a41b32
Commit message: "Remove all.js as its not needed to authenticate using bitbucket connect"
First time build. Skipping changelog.
Cleaning workspace
 > git rev-parse --verify HEAD # timeout=10
Resetting working tree
 > git reset --hard # timeout=10
 > git clean -fdx # timeout=10
