Cloning the remote Git repository
Cloning with configured refspecs honoured and without tags
Cloning repository https://github.com/adildsw/blueocean-plugin.git
 > git init /home/adildsw/jenkins-plugins/demoplugin/work/jobs/blueocean-plugin/branches/ATH-2-60.qflraa/workspace # timeout=10
Fetching upstream changes from https://github.com/adildsw/blueocean-plugin.git
 > git --version # timeout=10
using GIT_ASKPASS to set credentials GitHub Access Token
 > git fetch --no-tags --progress https://github.com/adildsw/blueocean-plugin.git +refs/heads/ATH-2.60:refs/remotes/origin/ATH-2.60
 > git config remote.origin.url https://github.com/adildsw/blueocean-plugin.git # timeout=10
 > git config --add remote.origin.fetch +refs/heads/ATH-2.60:refs/remotes/origin/ATH-2.60 # timeout=10
 > git config remote.origin.url https://github.com/adildsw/blueocean-plugin.git # timeout=10
Cleaning workspace
 > git rev-parse --verify HEAD # timeout=10
No valid HEAD. Skipping the resetting
 > git clean -fdx # timeout=10
Fetching without tags
Fetching upstream changes from https://github.com/adildsw/blueocean-plugin.git
using GIT_ASKPASS to set credentials GitHub Access Token
 > git fetch --no-tags --progress https://github.com/adildsw/blueocean-plugin.git +refs/heads/ATH-2.60:refs/remotes/origin/ATH-2.60
Checking out Revision e4cafa35b037c2a65dbab6fdb53b02526c195d8d (ATH-2.60)
 > git config core.sparsecheckout # timeout=10
 > git checkout -f e4cafa35b037c2a65dbab6fdb53b02526c195d8d
 > git branch -a -v --no-abbrev # timeout=10
 > git checkout -b ATH-2.60 e4cafa35b037c2a65dbab6fdb53b02526c195d8d
Commit message: "Merge remote-tracking branch 'upstream/master' into ATH-2.60"
First time build. Skipping changelog.
Cleaning workspace
 > git rev-parse --verify HEAD # timeout=10
Resetting working tree
 > git reset --hard # timeout=10
 > git clean -fdx # timeout=10
