Cloning the remote Git repository
Cloning with configured refspecs honoured and without tags
Cloning repository https://github.com/adildsw/blueocean-plugin.git
 > git init /home/adildsw/jenkins-plugins/demoplugin/work/jobs/blueocean-plugin/branches/feature-nest.7eenbn.ntial-stages/workspace # timeout=10
Fetching upstream changes from https://github.com/adildsw/blueocean-plugin.git
 > git --version # timeout=10
using GIT_ASKPASS to set credentials GitHub Access Token
 > git fetch --no-tags --progress https://github.com/adildsw/blueocean-plugin.git +refs/heads/feature/nested_sequential_stages:refs/remotes/origin/feature/nested_sequential_stages
 > git config remote.origin.url https://github.com/adildsw/blueocean-plugin.git # timeout=10
 > git config --add remote.origin.fetch +refs/heads/feature/nested_sequential_stages:refs/remotes/origin/feature/nested_sequential_stages # timeout=10
 > git config remote.origin.url https://github.com/adildsw/blueocean-plugin.git # timeout=10
Cleaning workspace
 > git rev-parse --verify HEAD # timeout=10
No valid HEAD. Skipping the resetting
 > git clean -fdx # timeout=10
Fetching without tags
Fetching upstream changes from https://github.com/adildsw/blueocean-plugin.git
using GIT_ASKPASS to set credentials GitHub Access Token
 > git fetch --no-tags --progress https://github.com/adildsw/blueocean-plugin.git +refs/heads/feature/nested_sequential_stages:refs/remotes/origin/feature/nested_sequential_stages
Checking out Revision c75ceb12e1af8ea73184d07e442bb0caea24db0b (feature/nested_sequential_stages)
 > git config core.sparsecheckout # timeout=10
 > git checkout -f c75ceb12e1af8ea73184d07e442bb0caea24db0b
 > git branch -a -v --no-abbrev # timeout=10
 > git checkout -b feature/nested_sequential_stages c75ceb12e1af8ea73184d07e442bb0caea24db0b
Commit message: "[JENKINS-49050] sequential stages"
First time build. Skipping changelog.
Cleaning workspace
 > git rev-parse --verify HEAD # timeout=10
Resetting working tree
 > git reset --hard # timeout=10
 > git clean -fdx # timeout=10
