Cloning the remote Git repository
Cloning with configured refspecs honoured and without tags
Cloning repository https://github.com/adildsw/blueocean-plugin.git
 > git init /home/adildsw/jenkins-plugins/demoplugin/work/jobs/blueocean-plugin/branches/release-1-2.n12bus/workspace # timeout=10
Fetching upstream changes from https://github.com/adildsw/blueocean-plugin.git
 > git --version # timeout=10
using GIT_ASKPASS to set credentials GitHub Access Token
 > git fetch --no-tags --progress https://github.com/adildsw/blueocean-plugin.git +refs/heads/release/1.2:refs/remotes/origin/release/1.2
 > git config remote.origin.url https://github.com/adildsw/blueocean-plugin.git # timeout=10
 > git config --add remote.origin.fetch +refs/heads/release/1.2:refs/remotes/origin/release/1.2 # timeout=10
 > git config remote.origin.url https://github.com/adildsw/blueocean-plugin.git # timeout=10
Cleaning workspace
 > git rev-parse --verify HEAD # timeout=10
No valid HEAD. Skipping the resetting
 > git clean -fdx # timeout=10
Fetching without tags
Fetching upstream changes from https://github.com/adildsw/blueocean-plugin.git
using GIT_ASKPASS to set credentials GitHub Access Token
 > git fetch --no-tags --progress https://github.com/adildsw/blueocean-plugin.git +refs/heads/release/1.2:refs/remotes/origin/release/1.2
Checking out Revision b19ad22dc4156551cdca1a21697a7ea1da58a9b5 (release/1.2)
 > git config core.sparsecheckout # timeout=10
 > git checkout -f b19ad22dc4156551cdca1a21697a7ea1da58a9b5
 > git branch -a -v --no-abbrev # timeout=10
 > git checkout -b release/1.2 b19ad22dc4156551cdca1a21697a7ea1da58a9b5
Commit message: "JENKINS-47042# HTTP proxy support for github access (#1414) (#1418)"
First time build. Skipping changelog.
Cleaning workspace
 > git rev-parse --verify HEAD # timeout=10
Resetting working tree
 > git reset --hard # timeout=10
 > git clean -fdx # timeout=10
