Cloning the remote Git repository
Cloning with configured refspecs honoured and without tags
Cloning repository https://github.com/adildsw/blueocean-plugin.git
 > git init /home/adildsw/jenkins-plugins/demoplugin/work/jobs/blueocean-plugin/branches/bug-JENKINS.glur1bg.-stage-wonky/workspace # timeout=10
Fetching upstream changes from https://github.com/adildsw/blueocean-plugin.git
 > git --version # timeout=10
using GIT_ASKPASS to set credentials GitHub Access Token
 > git fetch --no-tags --progress https://github.com/adildsw/blueocean-plugin.git +refs/heads/bug/JENKINS-46316-skip-last-stage-wonky:refs/remotes/origin/bug/JENKINS-46316-skip-last-stage-wonky
 > git config remote.origin.url https://github.com/adildsw/blueocean-plugin.git # timeout=10
 > git config --add remote.origin.fetch +refs/heads/bug/JENKINS-46316-skip-last-stage-wonky:refs/remotes/origin/bug/JENKINS-46316-skip-last-stage-wonky # timeout=10
 > git config remote.origin.url https://github.com/adildsw/blueocean-plugin.git # timeout=10
Cleaning workspace
 > git rev-parse --verify HEAD # timeout=10
No valid HEAD. Skipping the resetting
 > git clean -fdx # timeout=10
Fetching without tags
Fetching upstream changes from https://github.com/adildsw/blueocean-plugin.git
using GIT_ASKPASS to set credentials GitHub Access Token
 > git fetch --no-tags --progress https://github.com/adildsw/blueocean-plugin.git +refs/heads/bug/JENKINS-46316-skip-last-stage-wonky:refs/remotes/origin/bug/JENKINS-46316-skip-last-stage-wonky
Checking out Revision cf40226a909ba78cc41bb61d329e37ead4ac6b14 (bug/JENKINS-46316-skip-last-stage-wonky)
 > git config core.sparsecheckout # timeout=10
 > git checkout -f cf40226a909ba78cc41bb61d329e37ead4ac6b14
 > git branch -a -v --no-abbrev # timeout=10
 > git checkout -b bug/JENKINS-46316-skip-last-stage-wonky cf40226a909ba78cc41bb61d329e37ead4ac6b14
Commit message: "bug/JENKINS-46316-skip-last-stage-wonky * Fixes"
First time build. Skipping changelog.
Cleaning workspace
 > git rev-parse --verify HEAD # timeout=10
Resetting working tree
 > git reset --hard # timeout=10
 > git clean -fdx # timeout=10
