Cloning the remote Git repository
Cloning with configured refspecs honoured and without tags
Cloning repository https://github.com/adildsw/blueocean-plugin.git
 > git init /home/adildsw/jenkins-plugins/demoplugin/work/jobs/blueocean-plugin/branches/hotfix-restore-scm.77n86g/workspace # timeout=10
Fetching upstream changes from https://github.com/adildsw/blueocean-plugin.git
 > git --version # timeout=10
using GIT_ASKPASS to set credentials GitHub Access Token
 > git fetch --no-tags --progress https://github.com/adildsw/blueocean-plugin.git +refs/heads/hotfix/restore-scm:refs/remotes/origin/hotfix/restore-scm
 > git config remote.origin.url https://github.com/adildsw/blueocean-plugin.git # timeout=10
 > git config --add remote.origin.fetch +refs/heads/hotfix/restore-scm:refs/remotes/origin/hotfix/restore-scm # timeout=10
 > git config remote.origin.url https://github.com/adildsw/blueocean-plugin.git # timeout=10
Cleaning workspace
 > git rev-parse --verify HEAD # timeout=10
No valid HEAD. Skipping the resetting
 > git clean -fdx # timeout=10
Fetching without tags
Fetching upstream changes from https://github.com/adildsw/blueocean-plugin.git
using GIT_ASKPASS to set credentials GitHub Access Token
 > git fetch --no-tags --progress https://github.com/adildsw/blueocean-plugin.git +refs/heads/hotfix/restore-scm:refs/remotes/origin/hotfix/restore-scm
Checking out Revision 9c78aa63aff6a2ace30fd53102ecf6120a53b1e5 (hotfix/restore-scm)
 > git config core.sparsecheckout # timeout=10
 > git checkout -f 9c78aa63aff6a2ace30fd53102ecf6120a53b1e5
 > git branch -a -v --no-abbrev # timeout=10
 > git checkout -b hotfix/restore-scm 9c78aa63aff6a2ace30fd53102ecf6120a53b1e5
Commit message: "restore-scm api dep"
First time build. Skipping changelog.
Cleaning workspace
 > git rev-parse --verify HEAD # timeout=10
Resetting working tree
 > git reset --hard # timeout=10
 > git clean -fdx # timeout=10
