Cloning the remote Git repository
Cloning with configured refspecs honoured and without tags
Cloning repository https://github.com/adildsw/blueocean-plugin.git
 > git init /home/adildsw/jenkins-plugins/demoplugin/work/jobs/blueocean-plugin/branches/feature-JENKINS-49519.dl41f0/workspace # timeout=10
Fetching upstream changes from https://github.com/adildsw/blueocean-plugin.git
 > git --version # timeout=10
using GIT_ASKPASS to set credentials GitHub Access Token
 > git fetch --no-tags --progress https://github.com/adildsw/blueocean-plugin.git +refs/heads/feature/JENKINS-49519:refs/remotes/origin/feature/JENKINS-49519
 > git config remote.origin.url https://github.com/adildsw/blueocean-plugin.git # timeout=10
 > git config --add remote.origin.fetch +refs/heads/feature/JENKINS-49519:refs/remotes/origin/feature/JENKINS-49519 # timeout=10
 > git config remote.origin.url https://github.com/adildsw/blueocean-plugin.git # timeout=10
Cleaning workspace
 > git rev-parse --verify HEAD # timeout=10
No valid HEAD. Skipping the resetting
 > git clean -fdx # timeout=10
Fetching without tags
Fetching upstream changes from https://github.com/adildsw/blueocean-plugin.git
using GIT_ASKPASS to set credentials GitHub Access Token
 > git fetch --no-tags --progress https://github.com/adildsw/blueocean-plugin.git +refs/heads/feature/JENKINS-49519:refs/remotes/origin/feature/JENKINS-49519
Checking out Revision fa13f2a0542c1e98ccc33bc226329786a79d29e9 (feature/JENKINS-49519)
 > git config core.sparsecheckout # timeout=10
 > git checkout -f fa13f2a0542c1e98ccc33bc226329786a79d29e9
 > git branch -a -v --no-abbrev # timeout=10
 > git checkout -b feature/JENKINS-49519 fa13f2a0542c1e98ccc33bc226329786a79d29e9
Commit message: "Return early"
First time build. Skipping changelog.
Cleaning workspace
 > git rev-parse --verify HEAD # timeout=10
Resetting working tree
 > git reset --hard # timeout=10
 > git clean -fdx # timeout=10
