Cloning the remote Git repository
Cloning with configured refspecs honoured and without tags
Cloning repository https://github.com/adildsw/blueocean-plugin.git
 > git init /home/adildsw/jenkins-plugins/demoplugin/work/jobs/blueocean-plugin/branches/task-fix-javadoc-warning.n5lpvo/workspace # timeout=10
Fetching upstream changes from https://github.com/adildsw/blueocean-plugin.git
 > git --version # timeout=10
using GIT_ASKPASS to set credentials GitHub Access Token
 > git fetch --no-tags --progress https://github.com/adildsw/blueocean-plugin.git +refs/heads/task/fix-javadoc-warning:refs/remotes/origin/task/fix-javadoc-warning
 > git config remote.origin.url https://github.com/adildsw/blueocean-plugin.git # timeout=10
 > git config --add remote.origin.fetch +refs/heads/task/fix-javadoc-warning:refs/remotes/origin/task/fix-javadoc-warning # timeout=10
 > git config remote.origin.url https://github.com/adildsw/blueocean-plugin.git # timeout=10
Cleaning workspace
 > git rev-parse --verify HEAD # timeout=10
No valid HEAD. Skipping the resetting
 > git clean -fdx # timeout=10
Fetching without tags
Fetching upstream changes from https://github.com/adildsw/blueocean-plugin.git
using GIT_ASKPASS to set credentials GitHub Access Token
 > git fetch --no-tags --progress https://github.com/adildsw/blueocean-plugin.git +refs/heads/task/fix-javadoc-warning:refs/remotes/origin/task/fix-javadoc-warning
Checking out Revision 598ce4b4c4b144a7a4643672c3d676298ec96870 (task/fix-javadoc-warning)
 > git config core.sparsecheckout # timeout=10
 > git checkout -f 598ce4b4c4b144a7a4643672c3d676298ec96870
 > git branch -a -v --no-abbrev # timeout=10
 > git checkout -b task/fix-javadoc-warning 598ce4b4c4b144a7a4643672c3d676298ec96870
Commit message: "Hide BlueOceanExportInterceptor so Javadoc can ignore .export package"
First time build. Skipping changelog.
Cleaning workspace
 > git rev-parse --verify HEAD # timeout=10
Resetting working tree
 > git reset --hard # timeout=10
 > git clean -fdx # timeout=10
