Cloning the remote Git repository
Cloning with configured refspecs honoured and without tags
Cloning repository https://github.com/adildsw/blueocean-plugin.git
 > git init /home/adildsw/jenkins-plugins/demoplugin/work/jobs/blueocean-plugin/branches/imeredith-patch-1/workspace # timeout=10
Fetching upstream changes from https://github.com/adildsw/blueocean-plugin.git
 > git --version # timeout=10
using GIT_ASKPASS to set credentials GitHub Access Token
 > git fetch --no-tags --progress https://github.com/adildsw/blueocean-plugin.git +refs/heads/imeredith-patch-1:refs/remotes/origin/imeredith-patch-1
 > git config remote.origin.url https://github.com/adildsw/blueocean-plugin.git # timeout=10
 > git config --add remote.origin.fetch +refs/heads/imeredith-patch-1:refs/remotes/origin/imeredith-patch-1 # timeout=10
 > git config remote.origin.url https://github.com/adildsw/blueocean-plugin.git # timeout=10
Cleaning workspace
 > git rev-parse --verify HEAD # timeout=10
No valid HEAD. Skipping the resetting
 > git clean -fdx # timeout=10
Fetching without tags
Fetching upstream changes from https://github.com/adildsw/blueocean-plugin.git
using GIT_ASKPASS to set credentials GitHub Access Token
 > git fetch --no-tags --progress https://github.com/adildsw/blueocean-plugin.git +refs/heads/imeredith-patch-1:refs/remotes/origin/imeredith-patch-1
Checking out Revision add8bbc5f8f8df26a9477c10dca95ad9d8f8f9fe (imeredith-patch-1)
 > git config core.sparsecheckout # timeout=10
 > git checkout -f add8bbc5f8f8df26a9477c10dca95ad9d8f8f9fe
 > git branch -a -v --no-abbrev # timeout=10
 > git checkout -b imeredith-patch-1 add8bbc5f8f8df26a9477c10dca95ad9d8f8f9fe
Commit message: "Update run.sh"
First time build. Skipping changelog.
Cleaning workspace
 > git rev-parse --verify HEAD # timeout=10
Resetting working tree
 > git reset --hard # timeout=10
 > git clean -fdx # timeout=10
