Cloning the remote Git repository
Cloning with configured refspecs honoured and without tags
Cloning repository https://github.com/adildsw/blueocean-plugin.git
 > git init /home/adildsw/jenkins-plugins/demoplugin/work/jobs/blueocean-plugin/branches/release-1-6.u35v0g/workspace # timeout=10
Fetching upstream changes from https://github.com/adildsw/blueocean-plugin.git
 > git --version # timeout=10
using GIT_ASKPASS to set credentials GitHub Access Token
 > git fetch --no-tags --progress https://github.com/adildsw/blueocean-plugin.git +refs/heads/release/1.6:refs/remotes/origin/release/1.6
 > git config remote.origin.url https://github.com/adildsw/blueocean-plugin.git # timeout=10
 > git config --add remote.origin.fetch +refs/heads/release/1.6:refs/remotes/origin/release/1.6 # timeout=10
 > git config remote.origin.url https://github.com/adildsw/blueocean-plugin.git # timeout=10
Cleaning workspace
 > git rev-parse --verify HEAD # timeout=10
No valid HEAD. Skipping the resetting
 > git clean -fdx # timeout=10
Fetching without tags
Fetching upstream changes from https://github.com/adildsw/blueocean-plugin.git
using GIT_ASKPASS to set credentials GitHub Access Token
 > git fetch --no-tags --progress https://github.com/adildsw/blueocean-plugin.git +refs/heads/release/1.6:refs/remotes/origin/release/1.6
Checking out Revision c91665298837ed6311e588b21d1d9dc562a3dc97 (release/1.6)
 > git config core.sparsecheckout # timeout=10
 > git checkout -f c91665298837ed6311e588b21d1d9dc562a3dc97
 > git branch -a -v --no-abbrev # timeout=10
 > git checkout -b release/1.6 c91665298837ed6311e588b21d1d9dc562a3dc97
Commit message: "[JENKINS-52281] Un-deprecation of some constructor calls and pipeline code (#1764)"
First time build. Skipping changelog.
Cleaning workspace
 > git rev-parse --verify HEAD # timeout=10
Resetting working tree
 > git reset --hard # timeout=10
 > git clean -fdx # timeout=10
