Cloning the remote Git repository
Cloning with configured refspecs honoured and without tags
Cloning repository https://github.com/adildsw/blueocean-plugin.git
 > git init /home/adildsw/jenkins-plugins/demoplugin/work/jobs/blueocean-plugin/branches/hotfix-ath-rest-impl-dep.8svj4a/workspace # timeout=10
Fetching upstream changes from https://github.com/adildsw/blueocean-plugin.git
 > git --version # timeout=10
using GIT_ASKPASS to set credentials GitHub Access Token
 > git fetch --no-tags --progress https://github.com/adildsw/blueocean-plugin.git +refs/heads/hotfix/ath-rest-impl-dep:refs/remotes/origin/hotfix/ath-rest-impl-dep
 > git config remote.origin.url https://github.com/adildsw/blueocean-plugin.git # timeout=10
 > git config --add remote.origin.fetch +refs/heads/hotfix/ath-rest-impl-dep:refs/remotes/origin/hotfix/ath-rest-impl-dep # timeout=10
 > git config remote.origin.url https://github.com/adildsw/blueocean-plugin.git # timeout=10
Cleaning workspace
 > git rev-parse --verify HEAD # timeout=10
No valid HEAD. Skipping the resetting
 > git clean -fdx # timeout=10
Fetching without tags
Fetching upstream changes from https://github.com/adildsw/blueocean-plugin.git
using GIT_ASKPASS to set credentials GitHub Access Token
 > git fetch --no-tags --progress https://github.com/adildsw/blueocean-plugin.git +refs/heads/hotfix/ath-rest-impl-dep:refs/remotes/origin/hotfix/ath-rest-impl-dep
Checking out Revision 3bfb8850085a00f227684e1339413248dcec9b68 (hotfix/ath-rest-impl-dep)
 > git config core.sparsecheckout # timeout=10
 > git checkout -f 3bfb8850085a00f227684e1339413248dcec9b68
 > git branch -a -v --no-abbrev # timeout=10
 > git checkout -b hotfix/ath-rest-impl-dep 3bfb8850085a00f227684e1339413248dcec9b68
Commit message: "Get rid of unnecessary clean behavior"
First time build. Skipping changelog.
Cleaning workspace
 > git rev-parse --verify HEAD # timeout=10
Resetting working tree
 > git reset --hard # timeout=10
 > git clean -fdx # timeout=10
