Cloning the remote Git repository
Cloning with configured refspecs honoured and without tags
Cloning repository https://github.com/adildsw/blueocean-plugin.git
 > git init /home/adildsw/jenkins-plugins/demoplugin/work/jobs/blueocean-plugin/branches/topic-depend.pajrv2.de-xmas-2017/workspace # timeout=10
Fetching upstream changes from https://github.com/adildsw/blueocean-plugin.git
 > git --version # timeout=10
using GIT_ASKPASS to set credentials GitHub Access Token
 > git fetch --no-tags --progress https://github.com/adildsw/blueocean-plugin.git +refs/heads/topic/dependency-upgrade-xmas-2017:refs/remotes/origin/topic/dependency-upgrade-xmas-2017
 > git config remote.origin.url https://github.com/adildsw/blueocean-plugin.git # timeout=10
 > git config --add remote.origin.fetch +refs/heads/topic/dependency-upgrade-xmas-2017:refs/remotes/origin/topic/dependency-upgrade-xmas-2017 # timeout=10
 > git config remote.origin.url https://github.com/adildsw/blueocean-plugin.git # timeout=10
Cleaning workspace
 > git rev-parse --verify HEAD # timeout=10
No valid HEAD. Skipping the resetting
 > git clean -fdx # timeout=10
Fetching without tags
Fetching upstream changes from https://github.com/adildsw/blueocean-plugin.git
using GIT_ASKPASS to set credentials GitHub Access Token
 > git fetch --no-tags --progress https://github.com/adildsw/blueocean-plugin.git +refs/heads/topic/dependency-upgrade-xmas-2017:refs/remotes/origin/topic/dependency-upgrade-xmas-2017
Checking out Revision 5adf5b8b64d3392e0470a2825c3a5e7abb6e50ae (topic/dependency-upgrade-xmas-2017)
 > git config core.sparsecheckout # timeout=10
 > git checkout -f 5adf5b8b64d3392e0470a2825c3a5e7abb6e50ae
 > git branch -a -v --no-abbrev # timeout=10
 > git checkout -b topic/dependency-upgrade-xmas-2017 5adf5b8b64d3392e0470a2825c3a5e7abb6e50ae
Commit message: "add comment"
First time build. Skipping changelog.
Cleaning workspace
 > git rev-parse --verify HEAD # timeout=10
Resetting working tree
 > git reset --hard # timeout=10
 > git clean -fdx # timeout=10
