Cloning the remote Git repository
Cloning with configured refspecs honoured and without tags
Cloning repository https://github.com/adildsw/blueocean-plugin.git
 > git init /home/adildsw/jenkins-plugins/demoplugin/work/jobs/blueocean-plugin/branches/JENKINS-41196/workspace # timeout=10
Fetching upstream changes from https://github.com/adildsw/blueocean-plugin.git
 > git --version # timeout=10
using GIT_ASKPASS to set credentials GitHub Access Token
 > git fetch --no-tags --progress https://github.com/adildsw/blueocean-plugin.git +refs/heads/JENKINS-41196:refs/remotes/origin/JENKINS-41196
 > git config remote.origin.url https://github.com/adildsw/blueocean-plugin.git # timeout=10
 > git config --add remote.origin.fetch +refs/heads/JENKINS-41196:refs/remotes/origin/JENKINS-41196 # timeout=10
 > git config remote.origin.url https://github.com/adildsw/blueocean-plugin.git # timeout=10
Cleaning workspace
 > git rev-parse --verify HEAD # timeout=10
No valid HEAD. Skipping the resetting
 > git clean -fdx # timeout=10
Fetching without tags
Fetching upstream changes from https://github.com/adildsw/blueocean-plugin.git
using GIT_ASKPASS to set credentials GitHub Access Token
 > git fetch --no-tags --progress https://github.com/adildsw/blueocean-plugin.git +refs/heads/JENKINS-41196:refs/remotes/origin/JENKINS-41196
Checking out Revision 67bc2f43ed4e98ce0a45c765543a5a57049cc73d (JENKINS-41196)
 > git config core.sparsecheckout # timeout=10
 > git checkout -f 67bc2f43ed4e98ce0a45c765543a5a57049cc73d
 > git branch -a -v --no-abbrev # timeout=10
 > git checkout -b JENKINS-41196 67bc2f43ed4e98ce0a45c765543a5a57049cc73d
Commit message: "Demonstrating the capability to use a custom core component"
First time build. Skipping changelog.
Cleaning workspace
 > git rev-parse --verify HEAD # timeout=10
Resetting working tree
 > git reset --hard # timeout=10
 > git clean -fdx # timeout=10
