Cloning the remote Git repository
Cloning with configured refspecs honoured and without tags
Cloning repository https://github.com/adildsw/blueocean-plugin.git
 > git init /home/adildsw/jenkins-plugins/demoplugin/work/jobs/blueocean-plugin/branches/task-JENK.q1a13dd6erq5.e-prallel/workspace # timeout=10
Fetching upstream changes from https://github.com/adildsw/blueocean-plugin.git
 > git --version # timeout=10
using GIT_ASKPASS to set credentials GitHub Access Token
 > git fetch --no-tags --progress https://github.com/adildsw/blueocean-plugin.git +refs/heads/task/JENKINS-43746_update_step_heading_to_include_prallel:refs/remotes/origin/task/JENKINS-43746_update_step_heading_to_include_prallel
 > git config remote.origin.url https://github.com/adildsw/blueocean-plugin.git # timeout=10
 > git config --add remote.origin.fetch +refs/heads/task/JENKINS-43746_update_step_heading_to_include_prallel:refs/remotes/origin/task/JENKINS-43746_update_step_heading_to_include_prallel # timeout=10
 > git config remote.origin.url https://github.com/adildsw/blueocean-plugin.git # timeout=10
Cleaning workspace
 > git rev-parse --verify HEAD # timeout=10
No valid HEAD. Skipping the resetting
 > git clean -fdx # timeout=10
Fetching without tags
Fetching upstream changes from https://github.com/adildsw/blueocean-plugin.git
using GIT_ASKPASS to set credentials GitHub Access Token
 > git fetch --no-tags --progress https://github.com/adildsw/blueocean-plugin.git +refs/heads/task/JENKINS-43746_update_step_heading_to_include_prallel:refs/remotes/origin/task/JENKINS-43746_update_step_heading_to_include_prallel
Checking out Revision 80627dcb6345c5abbf3b5fb849f25b6bc93d0aac (task/JENKINS-43746_update_step_heading_to_include_prallel)
 > git config core.sparsecheckout # timeout=10
 > git checkout -f 80627dcb6345c5abbf3b5fb849f25b6bc93d0aac
 > git branch -a -v --no-abbrev # timeout=10
 > git checkout -b task/JENKINS-43746_update_step_heading_to_include_prallel 80627dcb6345c5abbf3b5fb849f25b6bc93d0aac
Commit message: "implement PR suggestion"
First time build. Skipping changelog.
Cleaning workspace
 > git rev-parse --verify HEAD # timeout=10
Resetting working tree
 > git reset --hard # timeout=10
 > git clean -fdx # timeout=10
