Cloning the remote Git repository
Cloning with configured refspecs honoured and without tags
Cloning repository https://github.com/adildsw/blueocean-plugin.git
 > git init /home/adildsw/jenkins-plugins/demoplugin/work/jobs/blueocean-plugin/branches/task-JENK.e0um9uup6rtg.buttons-2/workspace # timeout=10
Fetching upstream changes from https://github.com/adildsw/blueocean-plugin.git
 > git --version # timeout=10
using GIT_ASKPASS to set credentials GitHub Access Token
 > git fetch --no-tags --progress https://github.com/adildsw/blueocean-plugin.git +refs/heads/task/JENKINS-46218-reorder-source-control-buttons-2:refs/remotes/origin/task/JENKINS-46218-reorder-source-control-buttons-2
 > git config remote.origin.url https://github.com/adildsw/blueocean-plugin.git # timeout=10
 > git config --add remote.origin.fetch +refs/heads/task/JENKINS-46218-reorder-source-control-buttons-2:refs/remotes/origin/task/JENKINS-46218-reorder-source-control-buttons-2 # timeout=10
 > git config remote.origin.url https://github.com/adildsw/blueocean-plugin.git # timeout=10
Cleaning workspace
 > git rev-parse --verify HEAD # timeout=10
No valid HEAD. Skipping the resetting
 > git clean -fdx # timeout=10
Fetching without tags
Fetching upstream changes from https://github.com/adildsw/blueocean-plugin.git
using GIT_ASKPASS to set credentials GitHub Access Token
 > git fetch --no-tags --progress https://github.com/adildsw/blueocean-plugin.git +refs/heads/task/JENKINS-46218-reorder-source-control-buttons-2:refs/remotes/origin/task/JENKINS-46218-reorder-source-control-buttons-2
Checking out Revision e97f4e3c6d410a10093aa7ddd1421098926196cb (task/JENKINS-46218-reorder-source-control-buttons-2)
 > git config core.sparsecheckout # timeout=10
 > git checkout -f e97f4e3c6d410a10093aa7ddd1421098926196cb
 > git branch -a -v --no-abbrev # timeout=10
 > git checkout -b task/JENKINS-46218-reorder-source-control-buttons-2 e97f4e3c6d410a10093aa7ddd1421098926196cb
Commit message: "use prod releases of js-extensions and blueocean-core-js"
First time build. Skipping changelog.
Cleaning workspace
 > git rev-parse --verify HEAD # timeout=10
Resetting working tree
 > git reset --hard # timeout=10
 > git clean -fdx # timeout=10
