Cloning the remote Git repository
Cloning with configured refspecs honoured and without tags
Cloning repository https://github.com/adildsw/blueocean-plugin.git
 > git init /home/adildsw/jenkins-plugins/demoplugin/work/jobs/blueocean-plugin/branches/task-JENK.lmjv1a9japeh.rovements/workspace # timeout=10
Fetching upstream changes from https://github.com/adildsw/blueocean-plugin.git
 > git --version # timeout=10
using GIT_ASKPASS to set credentials GitHub Access Token
 > git fetch --no-tags --progress https://github.com/adildsw/blueocean-plugin.git +refs/heads/task/JENKINS-36641-smart-web-element-improvements:refs/remotes/origin/task/JENKINS-36641-smart-web-element-improvements
 > git config remote.origin.url https://github.com/adildsw/blueocean-plugin.git # timeout=10
 > git config --add remote.origin.fetch +refs/heads/task/JENKINS-36641-smart-web-element-improvements:refs/remotes/origin/task/JENKINS-36641-smart-web-element-improvements # timeout=10
 > git config remote.origin.url https://github.com/adildsw/blueocean-plugin.git # timeout=10
Cleaning workspace
 > git rev-parse --verify HEAD # timeout=10
No valid HEAD. Skipping the resetting
 > git clean -fdx # timeout=10
Fetching without tags
Fetching upstream changes from https://github.com/adildsw/blueocean-plugin.git
using GIT_ASKPASS to set credentials GitHub Access Token
 > git fetch --no-tags --progress https://github.com/adildsw/blueocean-plugin.git +refs/heads/task/JENKINS-36641-smart-web-element-improvements:refs/remotes/origin/task/JENKINS-36641-smart-web-element-improvements
Checking out Revision b688e25f909004ea118651e0a7f08927f0b6629a (task/JENKINS-36641-smart-web-element-improvements)
 > git config core.sparsecheckout # timeout=10
 > git checkout -f b688e25f909004ea118651e0a7f08927f0b6629a
 > git branch -a -v --no-abbrev # timeout=10
 > git checkout -b task/JENKINS-36641-smart-web-element-improvements b688e25f909004ea118651e0a7f08927f0b6629a
Commit message: "wrap the result of WebDriverMixin.untilCondition in SmartWebElement"
First time build. Skipping changelog.
Cleaning workspace
 > git rev-parse --verify HEAD # timeout=10
Resetting working tree
 > git reset --hard # timeout=10
 > git clean -fdx # timeout=10
