Cloning the remote Git repository
Cloning with configured refspecs honoured and without tags
Cloning repository https://github.com/adildsw/blueocean-plugin.git
 > git init /home/adildsw/jenkins-plugins/demoplugin/work/jobs/blueocean-plugin/branches/topic-trends.k5o081.e-pagination/workspace # timeout=10
Fetching upstream changes from https://github.com/adildsw/blueocean-plugin.git
 > git --version # timeout=10
using GIT_ASKPASS to set credentials GitHub Access Token
 > git fetch --no-tags --progress https://github.com/adildsw/blueocean-plugin.git +refs/heads/topic/trends-before-pagination:refs/remotes/origin/topic/trends-before-pagination
 > git config remote.origin.url https://github.com/adildsw/blueocean-plugin.git # timeout=10
 > git config --add remote.origin.fetch +refs/heads/topic/trends-before-pagination:refs/remotes/origin/topic/trends-before-pagination # timeout=10
 > git config remote.origin.url https://github.com/adildsw/blueocean-plugin.git # timeout=10
Cleaning workspace
 > git rev-parse --verify HEAD # timeout=10
No valid HEAD. Skipping the resetting
 > git clean -fdx # timeout=10
Fetching without tags
Fetching upstream changes from https://github.com/adildsw/blueocean-plugin.git
using GIT_ASKPASS to set credentials GitHub Access Token
 > git fetch --no-tags --progress https://github.com/adildsw/blueocean-plugin.git +refs/heads/topic/trends-before-pagination:refs/remotes/origin/topic/trends-before-pagination
Checking out Revision 68b91ccc26ae658c8933340ed4795c8e0b39bc03 (topic/trends-before-pagination)
 > git config core.sparsecheckout # timeout=10
 > git checkout -f 68b91ccc26ae658c8933340ed4795c8e0b39bc03
 > git branch -a -v --no-abbrev # timeout=10
 > git checkout -b topic/trends-before-pagination 68b91ccc26ae658c8933340ed4795c8e0b39bc03
Commit message: "fix uncovered Predicate in iterator() - remove iterator(start, limit) impl that was overriding the default impl but doing the same thing anyways. default impl will delegate to iterator() so it's covered in tests"
First time build. Skipping changelog.
Cleaning workspace
 > git rev-parse --verify HEAD # timeout=10
Resetting working tree
 > git reset --hard # timeout=10
 > git clean -fdx # timeout=10
