Cloning the remote Git repository
Cloning with configured refspecs honoured and without tags
Cloning repository https://github.com/adildsw/blueocean-plugin.git
 > git init /home/adildsw/jenkins-plugins/demoplugin/work/jobs/blueocean-plugin/branches/bug-JENKI.58btiicuofmj.ate-title/workspace # timeout=10
Fetching upstream changes from https://github.com/adildsw/blueocean-plugin.git
 > git --version # timeout=10
using GIT_ASKPASS to set credentials GitHub Access Token
 > git fetch --no-tags --progress https://github.com/adildsw/blueocean-plugin.git +refs/heads/bug/JENKINS-47446_rerun_button_not_receiving_translate_title:refs/remotes/origin/bug/JENKINS-47446_rerun_button_not_receiving_translate_title
 > git config remote.origin.url https://github.com/adildsw/blueocean-plugin.git # timeout=10
 > git config --add remote.origin.fetch +refs/heads/bug/JENKINS-47446_rerun_button_not_receiving_translate_title:refs/remotes/origin/bug/JENKINS-47446_rerun_button_not_receiving_translate_title # timeout=10
 > git config remote.origin.url https://github.com/adildsw/blueocean-plugin.git # timeout=10
Cleaning workspace
 > git rev-parse --verify HEAD # timeout=10
No valid HEAD. Skipping the resetting
 > git clean -fdx # timeout=10
Fetching without tags
Fetching upstream changes from https://github.com/adildsw/blueocean-plugin.git
using GIT_ASKPASS to set credentials GitHub Access Token
 > git fetch --no-tags --progress https://github.com/adildsw/blueocean-plugin.git +refs/heads/bug/JENKINS-47446_rerun_button_not_receiving_translate_title:refs/remotes/origin/bug/JENKINS-47446_rerun_button_not_receiving_translate_title
Checking out Revision cdceeed15b922b1b30d1cf5efbdf4df8786cf35e (bug/JENKINS-47446_rerun_button_not_receiving_translate_title)
 > git config core.sparsecheckout # timeout=10
 > git checkout -f cdceeed15b922b1b30d1cf5efbdf4df8786cf35e
 > git branch -a -v --no-abbrev # timeout=10
 > git checkout -b bug/JENKINS-47446_rerun_button_not_receiving_translate_title cdceeed15b922b1b30d1cf5efbdf4df8786cf35e
Commit message: "add missing default value for rerun title"
First time build. Skipping changelog.
Cleaning workspace
 > git rev-parse --verify HEAD # timeout=10
Resetting working tree
 > git reset --hard # timeout=10
 > git clean -fdx # timeout=10
