Cloning the remote Git repository
Cloning with configured refspecs honoured and without tags
Cloning repository https://github.com/adildsw/blueocean-plugin.git
 > git init /home/adildsw/jenkins-plugins/demoplugin/work/jobs/blueocean-plugin/branches/bug-JENKINS-.lrspkb.t-empty-repo/workspace # timeout=10
Fetching upstream changes from https://github.com/adildsw/blueocean-plugin.git
 > git --version # timeout=10
using GIT_ASKPASS to set credentials GitHub Access Token
 > git fetch --no-tags --progress https://github.com/adildsw/blueocean-plugin.git +refs/heads/bug/JENKINS-46723-bitbucket-empty-repo:refs/remotes/origin/bug/JENKINS-46723-bitbucket-empty-repo
 > git config remote.origin.url https://github.com/adildsw/blueocean-plugin.git # timeout=10
 > git config --add remote.origin.fetch +refs/heads/bug/JENKINS-46723-bitbucket-empty-repo:refs/remotes/origin/bug/JENKINS-46723-bitbucket-empty-repo # timeout=10
 > git config remote.origin.url https://github.com/adildsw/blueocean-plugin.git # timeout=10
Cleaning workspace
 > git rev-parse --verify HEAD # timeout=10
No valid HEAD. Skipping the resetting
 > git clean -fdx # timeout=10
Fetching without tags
Fetching upstream changes from https://github.com/adildsw/blueocean-plugin.git
using GIT_ASKPASS to set credentials GitHub Access Token
 > git fetch --no-tags --progress https://github.com/adildsw/blueocean-plugin.git +refs/heads/bug/JENKINS-46723-bitbucket-empty-repo:refs/remotes/origin/bug/JENKINS-46723-bitbucket-empty-repo
Checking out Revision 500a0ee58a906f2f9888616cdc44f2aa9eefcd89 (bug/JENKINS-46723-bitbucket-empty-repo)
 > git config core.sparsecheckout # timeout=10
 > git checkout -f 500a0ee58a906f2f9888616cdc44f2aa9eefcd89
 > git branch -a -v --no-abbrev # timeout=10
 > git checkout -b bug/JENKINS-46723-bitbucket-empty-repo 500a0ee58a906f2f9888616cdc44f2aa9eefcd89
Commit message: "remove obsolete deps from blueocean-rest-impl; add workflow-job as a test dep as it had been pulled in transitively by jira plugin before"
First time build. Skipping changelog.
Cleaning workspace
 > git rev-parse --verify HEAD # timeout=10
Resetting working tree
 > git reset --hard # timeout=10
 > git clean -fdx # timeout=10
