Cloning the remote Git repository
Cloning with configured refspecs honoured and without tags
Cloning repository https://github.com/adildsw/blueocean-plugin.git
 > git init /home/adildsw/jenkins-plugins/demoplugin/work/jobs/blueocean-plugin/branches/bug-JENKI.h1f0vo4vh8p5.param-fix/workspace # timeout=10
Fetching upstream changes from https://github.com/adildsw/blueocean-plugin.git
 > git --version # timeout=10
using GIT_ASKPASS to set credentials GitHub Access Token
 > git fetch --no-tags --progress https://github.com/adildsw/blueocean-plugin.git +refs/heads/bug/JENKINS-45334_go_to_classic_link_missing_in_invalid_input_param_fix:refs/remotes/origin/bug/JENKINS-45334_go_to_classic_link_missing_in_invalid_input_param_fix
 > git config remote.origin.url https://github.com/adildsw/blueocean-plugin.git # timeout=10
 > git config --add remote.origin.fetch +refs/heads/bug/JENKINS-45334_go_to_classic_link_missing_in_invalid_input_param_fix:refs/remotes/origin/bug/JENKINS-45334_go_to_classic_link_missing_in_invalid_input_param_fix # timeout=10
 > git config remote.origin.url https://github.com/adildsw/blueocean-plugin.git # timeout=10
Cleaning workspace
 > git rev-parse --verify HEAD # timeout=10
No valid HEAD. Skipping the resetting
 > git clean -fdx # timeout=10
Fetching without tags
Fetching upstream changes from https://github.com/adildsw/blueocean-plugin.git
using GIT_ASKPASS to set credentials GitHub Access Token
 > git fetch --no-tags --progress https://github.com/adildsw/blueocean-plugin.git +refs/heads/bug/JENKINS-45334_go_to_classic_link_missing_in_invalid_input_param_fix:refs/remotes/origin/bug/JENKINS-45334_go_to_classic_link_missing_in_invalid_input_param_fix
Checking out Revision 243d781cea1326a0c60a11a37eeac8461eefc9a8 (bug/JENKINS-45334_go_to_classic_link_missing_in_invalid_input_param_fix)
 > git config core.sparsecheckout # timeout=10
 > git checkout -f 243d781cea1326a0c60a11a37eeac8461eefc9a8
 > git branch -a -v --no-abbrev # timeout=10
 > git checkout -b bug/JENKINS-45334_go_to_classic_link_missing_in_invalid_input_param_fix 243d781cea1326a0c60a11a37eeac8461eefc9a8
Commit message: "remove duplicate code"
First time build. Skipping changelog.
Cleaning workspace
 > git rev-parse --verify HEAD # timeout=10
Resetting working tree
 > git reset --hard # timeout=10
 > git clean -fdx # timeout=10
