Cloning the remote Git repository
Cloning with configured refspecs honoured and without tags
Cloning repository https://github.com/adildsw/blueocean-plugin.git
 > git init /home/adildsw/jenkins-plugins/demoplugin/work/jobs/blueocean-plugin/branches/bitbucket-connect-poc/workspace # timeout=10
Fetching upstream changes from https://github.com/adildsw/blueocean-plugin.git
 > git --version # timeout=10
using GIT_ASKPASS to set credentials GitHub Access Token
 > git fetch --no-tags --progress https://github.com/adildsw/blueocean-plugin.git +refs/heads/bitbucket-connect-poc:refs/remotes/origin/bitbucket-connect-poc
 > git config remote.origin.url https://github.com/adildsw/blueocean-plugin.git # timeout=10
 > git config --add remote.origin.fetch +refs/heads/bitbucket-connect-poc:refs/remotes/origin/bitbucket-connect-poc # timeout=10
 > git config remote.origin.url https://github.com/adildsw/blueocean-plugin.git # timeout=10
Cleaning workspace
 > git rev-parse --verify HEAD # timeout=10
No valid HEAD. Skipping the resetting
 > git clean -fdx # timeout=10
Fetching without tags
Fetching upstream changes from https://github.com/adildsw/blueocean-plugin.git
using GIT_ASKPASS to set credentials GitHub Access Token
 > git fetch --no-tags --progress https://github.com/adildsw/blueocean-plugin.git +refs/heads/bitbucket-connect-poc:refs/remotes/origin/bitbucket-connect-poc
Checking out Revision 5291b47a9f4462a7394c666d2f0da56c3750ce1c (bitbucket-connect-poc)
 > git config core.sparsecheckout # timeout=10
 > git checkout -f 5291b47a9f4462a7394c666d2f0da56c3750ce1c
 > git branch -a -v --no-abbrev # timeout=10
 > git checkout -b bitbucket-connect-poc 5291b47a9f4462a7394c666d2f0da56c3750ce1c
Commit message: "BB cloud connect feature"
First time build. Skipping changelog.
Cleaning workspace
 > git rev-parse --verify HEAD # timeout=10
Resetting working tree
 > git reset --hard # timeout=10
 > git clean -fdx # timeout=10
